2019-03-27 15:54:17
<xml><appid><![CDATA[wxd5af665b240b75d4]]></appid>
<bank_type><![CDATA[CFT]]></bank_type>
<cash_fee><![CDATA[1]]></cash_fee>
<fee_type><![CDATA[CNY]]></fee_type>
<is_subscribe><![CDATA[N]]></is_subscribe>
<mch_id><![CDATA[1500086022]]></mch_id>
<nonce_str><![CDATA[efb797f3deeb08ff0e68a851b76f995c]]></nonce_str>
<openid><![CDATA[osZaFw2kMFRYzFr1_x_IvfbGOwHQ]]></openid>
<out_trade_no><![CDATA[201903271553557592]]></out_trade_no>
<result_code><![CDATA[SUCCESS]]></result_code>
<return_code><![CDATA[SUCCESS]]></return_code>
<sign><![CDATA[AA3F52617920BE50B5BF92D57D288EF7]]></sign>
<time_end><![CDATA[20190327155416]]></time_end>
<total_fee>1</total_fee>
<trade_type><![CDATA[NATIVE]]></trade_type>
<transaction_id><![CDATA[4200000307201903272790700000]]></transaction_id>
</xml>
<<<<<<<2019-03-27 15:54:32
<xml><appid><![CDATA[wxd5af665b240b75d4]]></appid>
<bank_type><![CDATA[CFT]]></bank_type>
<cash_fee><![CDATA[1]]></cash_fee>
<fee_type><![CDATA[CNY]]></fee_type>
<is_subscribe><![CDATA[N]]></is_subscribe>
<mch_id><![CDATA[1500086022]]></mch_id>
<nonce_str><![CDATA[efb797f3deeb08ff0e68a851b76f995c]]></nonce_str>
<openid><![CDATA[osZaFw2kMFRYzFr1_x_IvfbGOwHQ]]></openid>
<out_trade_no><![CDATA[201903271553557592]]></out_trade_no>
<result_code><![CDATA[SUCCESS]]></result_code>
<return_code><![CDATA[SUCCESS]]></return_code>
<sign><![CDATA[AA3F52617920BE50B5BF92D57D288EF7]]></sign>
<time_end><![CDATA[20190327155416]]></time_end>
<total_fee>1</total_fee>
<trade_type><![CDATA[NATIVE]]></trade_type>
<transaction_id><![CDATA[4200000307201903272790700000]]></transaction_id>
</xml>
<<<<<<<2019-03-27 15:54:48
<xml><appid><![CDATA[wxd5af665b240b75d4]]></appid>
<bank_type><![CDATA[CFT]]></bank_type>
<cash_fee><![CDATA[1]]></cash_fee>
<fee_type><![CDATA[CNY]]></fee_type>
<is_subscribe><![CDATA[N]]></is_subscribe>
<mch_id><![CDATA[1500086022]]></mch_id>
<nonce_str><![CDATA[efb797f3deeb08ff0e68a851b76f995c]]></nonce_str>
<openid><![CDATA[osZaFw2kMFRYzFr1_x_IvfbGOwHQ]]></openid>
<out_trade_no><![CDATA[201903271553557592]]></out_trade_no>
<result_code><![CDATA[SUCCESS]]></result_code>
<return_code><![CDATA[SUCCESS]]></return_code>
<sign><![CDATA[AA3F52617920BE50B5BF92D57D288EF7]]></sign>
<time_end><![CDATA[20190327155416]]></time_end>
<total_fee>1</total_fee>
<trade_type><![CDATA[NATIVE]]></trade_type>
<transaction_id><![CDATA[4200000307201903272790700000]]></transaction_id>
</xml>
<<<<<<<2019-03-27 15:55:19
<xml><appid><![CDATA[wxd5af665b240b75d4]]></appid>
<bank_type><![CDATA[CFT]]></bank_type>
<cash_fee><![CDATA[1]]></cash_fee>
<fee_type><![CDATA[CNY]]></fee_type>
<is_subscribe><![CDATA[N]]></is_subscribe>
<mch_id><![CDATA[1500086022]]></mch_id>
<nonce_str><![CDATA[efb797f3deeb08ff0e68a851b76f995c]]></nonce_str>
<openid><![CDATA[osZaFw2kMFRYzFr1_x_IvfbGOwHQ]]></openid>
<out_trade_no><![CDATA[201903271553557592]]></out_trade_no>
<result_code><![CDATA[SUCCESS]]></result_code>
<return_code><![CDATA[SUCCESS]]></return_code>
<sign><![CDATA[AA3F52617920BE50B5BF92D57D288EF7]]></sign>
<time_end><![CDATA[20190327155416]]></time_end>
<total_fee>1</total_fee>
<trade_type><![CDATA[NATIVE]]></trade_type>
<transaction_id><![CDATA[4200000307201903272790700000]]></transaction_id>
</xml>
<<<<<<<2019-03-27 15:58:19
<xml><appid><![CDATA[wxd5af665b240b75d4]]></appid>
<bank_type><![CDATA[CFT]]></bank_type>
<cash_fee><![CDATA[1]]></cash_fee>
<fee_type><![CDATA[CNY]]></fee_type>
<is_subscribe><![CDATA[N]]></is_subscribe>
<mch_id><![CDATA[1500086022]]></mch_id>
<nonce_str><![CDATA[efb797f3deeb08ff0e68a851b76f995c]]></nonce_str>
<openid><![CDATA[osZaFw2kMFRYzFr1_x_IvfbGOwHQ]]></openid>
<out_trade_no><![CDATA[201903271553557592]]></out_trade_no>
<result_code><![CDATA[SUCCESS]]></result_code>
<return_code><![CDATA[SUCCESS]]></return_code>
<sign><![CDATA[AA3F52617920BE50B5BF92D57D288EF7]]></sign>
<time_end><![CDATA[20190327155416]]></time_end>
<total_fee>1</total_fee>
<trade_type><![CDATA[NATIVE]]></trade_type>
<transaction_id><![CDATA[4200000307201903272790700000]]></transaction_id>
</xml>
<<<<<<<2019-03-27 16:28:20
<xml><appid><![CDATA[wxd5af665b240b75d4]]></appid>
<bank_type><![CDATA[CFT]]></bank_type>
<cash_fee><![CDATA[1]]></cash_fee>
<fee_type><![CDATA[CNY]]></fee_type>
<is_subscribe><![CDATA[N]]></is_subscribe>
<mch_id><![CDATA[1500086022]]></mch_id>
<nonce_str><![CDATA[efb797f3deeb08ff0e68a851b76f995c]]></nonce_str>
<openid><![CDATA[osZaFw2kMFRYzFr1_x_IvfbGOwHQ]]></openid>
<out_trade_no><![CDATA[201903271553557592]]></out_trade_no>
<result_code><![CDATA[SUCCESS]]></result_code>
<return_code><![CDATA[SUCCESS]]></return_code>
<sign><![CDATA[AA3F52617920BE50B5BF92D57D288EF7]]></sign>
<time_end><![CDATA[20190327155416]]></time_end>
<total_fee>1</total_fee>
<trade_type><![CDATA[NATIVE]]></trade_type>
<transaction_id><![CDATA[4200000307201903272790700000]]></transaction_id>
</xml>
<<<<<<<2019-03-27 16:58:21
<xml><appid><![CDATA[wxd5af665b240b75d4]]></appid>
<bank_type><![CDATA[CFT]]></bank_type>
<cash_fee><![CDATA[1]]></cash_fee>
<fee_type><![CDATA[CNY]]></fee_type>
<is_subscribe><![CDATA[N]]></is_subscribe>
<mch_id><![CDATA[1500086022]]></mch_id>
<nonce_str><![CDATA[efb797f3deeb08ff0e68a851b76f995c]]></nonce_str>
<openid><![CDATA[osZaFw2kMFRYzFr1_x_IvfbGOwHQ]]></openid>
<out_trade_no><![CDATA[201903271553557592]]></out_trade_no>
<result_code><![CDATA[SUCCESS]]></result_code>
<return_code><![CDATA[SUCCESS]]></return_code>
<sign><![CDATA[AA3F52617920BE50B5BF92D57D288EF7]]></sign>
<time_end><![CDATA[20190327155416]]></time_end>
<total_fee>1</total_fee>
<trade_type><![CDATA[NATIVE]]></trade_type>
<transaction_id><![CDATA[4200000307201903272790700000]]></transaction_id>
</xml>
<<<<<<<2019-03-27 17:28:23
<xml><appid><![CDATA[wxd5af665b240b75d4]]></appid>
<bank_type><![CDATA[CFT]]></bank_type>
<cash_fee><![CDATA[1]]></cash_fee>
<fee_type><![CDATA[CNY]]></fee_type>
<is_subscribe><![CDATA[N]]></is_subscribe>
<mch_id><![CDATA[1500086022]]></mch_id>
<nonce_str><![CDATA[efb797f3deeb08ff0e68a851b76f995c]]></nonce_str>
<openid><![CDATA[osZaFw2kMFRYzFr1_x_IvfbGOwHQ]]></openid>
<out_trade_no><![CDATA[201903271553557592]]></out_trade_no>
<result_code><![CDATA[SUCCESS]]></result_code>
<return_code><![CDATA[SUCCESS]]></return_code>
<sign><![CDATA[AA3F52617920BE50B5BF92D57D288EF7]]></sign>
<time_end><![CDATA[20190327155416]]></time_end>
<total_fee>1</total_fee>
<trade_type><![CDATA[NATIVE]]></trade_type>
<transaction_id><![CDATA[4200000307201903272790700000]]></transaction_id>
</xml>
<<<<<<<2019-03-27 17:58:24
<xml><appid><![CDATA[wxd5af665b240b75d4]]></appid>
<bank_type><![CDATA[CFT]]></bank_type>
<cash_fee><![CDATA[1]]></cash_fee>
<fee_type><![CDATA[CNY]]></fee_type>
<is_subscribe><![CDATA[N]]></is_subscribe>
<mch_id><![CDATA[1500086022]]></mch_id>
<nonce_str><![CDATA[efb797f3deeb08ff0e68a851b76f995c]]></nonce_str>
<openid><![CDATA[osZaFw2kMFRYzFr1_x_IvfbGOwHQ]]></openid>
<out_trade_no><![CDATA[201903271553557592]]></out_trade_no>
<result_code><![CDATA[SUCCESS]]></result_code>
<return_code><![CDATA[SUCCESS]]></return_code>
<sign><![CDATA[AA3F52617920BE50B5BF92D57D288EF7]]></sign>
<time_end><![CDATA[20190327155416]]></time_end>
<total_fee>1</total_fee>
<trade_type><![CDATA[NATIVE]]></trade_type>
<transaction_id><![CDATA[4200000307201903272790700000]]></transaction_id>
</xml>
<<<<<<<2019-03-27 18:58:26
<xml><appid><![CDATA[wxd5af665b240b75d4]]></appid>
<bank_type><![CDATA[CFT]]></bank_type>
<cash_fee><![CDATA[1]]></cash_fee>
<fee_type><![CDATA[CNY]]></fee_type>
<is_subscribe><![CDATA[N]]></is_subscribe>
<mch_id><![CDATA[1500086022]]></mch_id>
<nonce_str><![CDATA[efb797f3deeb08ff0e68a851b76f995c]]></nonce_str>
<openid><![CDATA[osZaFw2kMFRYzFr1_x_IvfbGOwHQ]]></openid>
<out_trade_no><![CDATA[201903271553557592]]></out_trade_no>
<result_code><![CDATA[SUCCESS]]></result_code>
<return_code><![CDATA[SUCCESS]]></return_code>
<sign><![CDATA[AA3F52617920BE50B5BF92D57D288EF7]]></sign>
<time_end><![CDATA[20190327155416]]></time_end>
<total_fee>1</total_fee>
<trade_type><![CDATA[NATIVE]]></trade_type>
<transaction_id><![CDATA[4200000307201903272790700000]]></transaction_id>
</xml>
<<<<<<<2019-03-28 10:15:28
<xml><appid><![CDATA[wxd5af665b240b75d4]]></appid>
<bank_type><![CDATA[CFT]]></bank_type>
<cash_fee><![CDATA[1]]></cash_fee>
<fee_type><![CDATA[CNY]]></fee_type>
<is_subscribe><![CDATA[N]]></is_subscribe>
<mch_id><![CDATA[1500086022]]></mch_id>
<nonce_str><![CDATA[3ed9f067b9521cb7a1d30ba955ee4a38]]></nonce_str>
<oid><![CDATA[22]]></oid>
<openid><![CDATA[osZaFw2kMFRYzFr1_x_IvfbGOwHQ]]></openid>
<out_trade_no><![CDATA[1903281014606113061]]></out_trade_no>
<result_code><![CDATA[SUCCESS]]></result_code>
<return_code><![CDATA[SUCCESS]]></return_code>
<sign><![CDATA[288928DEDCB336F3D703E2945DD6922F]]></sign>
<time_end><![CDATA[20190328101527]]></time_end>
<total_fee>1</total_fee>
<trade_type><![CDATA[NATIVE]]></trade_type>
<transaction_id><![CDATA[4200000293201903288287735215]]></transaction_id>
</xml>
<<<<<<<2019-03-28 10:15:44
<xml><appid><![CDATA[wxd5af665b240b75d4]]></appid>
<bank_type><![CDATA[CFT]]></bank_type>
<cash_fee><![CDATA[1]]></cash_fee>
<fee_type><![CDATA[CNY]]></fee_type>
<is_subscribe><![CDATA[N]]></is_subscribe>
<mch_id><![CDATA[1500086022]]></mch_id>
<nonce_str><![CDATA[3ed9f067b9521cb7a1d30ba955ee4a38]]></nonce_str>
<oid><![CDATA[22]]></oid>
<openid><![CDATA[osZaFw2kMFRYzFr1_x_IvfbGOwHQ]]></openid>
<out_trade_no><![CDATA[1903281014606113061]]></out_trade_no>
<result_code><![CDATA[SUCCESS]]></result_code>
<return_code><![CDATA[SUCCESS]]></return_code>
<sign><![CDATA[288928DEDCB336F3D703E2945DD6922F]]></sign>
<time_end><![CDATA[20190328101527]]></time_end>
<total_fee>1</total_fee>
<trade_type><![CDATA[NATIVE]]></trade_type>
<transaction_id><![CDATA[4200000293201903288287735215]]></transaction_id>
</xml>
<<<<<<<2019-03-28 10:16:01
<xml><appid><![CDATA[wxd5af665b240b75d4]]></appid>
<bank_type><![CDATA[CFT]]></bank_type>
<cash_fee><![CDATA[1]]></cash_fee>
<fee_type><![CDATA[CNY]]></fee_type>
<is_subscribe><![CDATA[N]]></is_subscribe>
<mch_id><![CDATA[1500086022]]></mch_id>
<nonce_str><![CDATA[3ed9f067b9521cb7a1d30ba955ee4a38]]></nonce_str>
<oid><![CDATA[22]]></oid>
<openid><![CDATA[osZaFw2kMFRYzFr1_x_IvfbGOwHQ]]></openid>
<out_trade_no><![CDATA[1903281014606113061]]></out_trade_no>
<result_code><![CDATA[SUCCESS]]></result_code>
<return_code><![CDATA[SUCCESS]]></return_code>
<sign><![CDATA[288928DEDCB336F3D703E2945DD6922F]]></sign>
<time_end><![CDATA[20190328101527]]></time_end>
<total_fee>1</total_fee>
<trade_type><![CDATA[NATIVE]]></trade_type>
<transaction_id><![CDATA[4200000293201903288287735215]]></transaction_id>
</xml>
<<<<<<<2019-03-28 10:16:32
<xml><appid><![CDATA[wxd5af665b240b75d4]]></appid>
<bank_type><![CDATA[CFT]]></bank_type>
<cash_fee><![CDATA[1]]></cash_fee>
<fee_type><![CDATA[CNY]]></fee_type>
<is_subscribe><![CDATA[N]]></is_subscribe>
<mch_id><![CDATA[1500086022]]></mch_id>
<nonce_str><![CDATA[3ed9f067b9521cb7a1d30ba955ee4a38]]></nonce_str>
<oid><![CDATA[22]]></oid>
<openid><![CDATA[osZaFw2kMFRYzFr1_x_IvfbGOwHQ]]></openid>
<out_trade_no><![CDATA[1903281014606113061]]></out_trade_no>
<result_code><![CDATA[SUCCESS]]></result_code>
<return_code><![CDATA[SUCCESS]]></return_code>
<sign><![CDATA[288928DEDCB336F3D703E2945DD6922F]]></sign>
<time_end><![CDATA[20190328101527]]></time_end>
<total_fee>1</total_fee>
<trade_type><![CDATA[NATIVE]]></trade_type>
<transaction_id><![CDATA[4200000293201903288287735215]]></transaction_id>
</xml>
<<<<<<<2019-03-28 10:19:34
<xml><appid><![CDATA[wxd5af665b240b75d4]]></appid>
<bank_type><![CDATA[CFT]]></bank_type>
<cash_fee><![CDATA[1]]></cash_fee>
<fee_type><![CDATA[CNY]]></fee_type>
<is_subscribe><![CDATA[N]]></is_subscribe>
<mch_id><![CDATA[1500086022]]></mch_id>
<nonce_str><![CDATA[3ed9f067b9521cb7a1d30ba955ee4a38]]></nonce_str>
<oid><![CDATA[22]]></oid>
<openid><![CDATA[osZaFw2kMFRYzFr1_x_IvfbGOwHQ]]></openid>
<out_trade_no><![CDATA[1903281014606113061]]></out_trade_no>
<result_code><![CDATA[SUCCESS]]></result_code>
<return_code><![CDATA[SUCCESS]]></return_code>
<sign><![CDATA[288928DEDCB336F3D703E2945DD6922F]]></sign>
<time_end><![CDATA[20190328101527]]></time_end>
<total_fee>1</total_fee>
<trade_type><![CDATA[NATIVE]]></trade_type>
<transaction_id><![CDATA[4200000293201903288287735215]]></transaction_id>
</xml>
<<<<<<<2019-03-28 10:26:50
<xml><appid><![CDATA[wxd5af665b240b75d4]]></appid>
<bank_type><![CDATA[CFT]]></bank_type>
<cash_fee><![CDATA[1]]></cash_fee>
<fee_type><![CDATA[CNY]]></fee_type>
<is_subscribe><![CDATA[N]]></is_subscribe>
<mch_id><![CDATA[1500086022]]></mch_id>
<nonce_str><![CDATA[2cfeed4d6aa427b7a4cfad14b1e02b7b]]></nonce_str>
<openid><![CDATA[osZaFw2kMFRYzFr1_x_IvfbGOwHQ]]></openid>
<out_trade_no><![CDATA[1903281026961854629]]></out_trade_no>
<result_code><![CDATA[SUCCESS]]></result_code>
<return_code><![CDATA[SUCCESS]]></return_code>
<sign><![CDATA[D6737F1BDBABEE80B7DD98AD31975A5E]]></sign>
<time_end><![CDATA[20190328102649]]></time_end>
<total_fee>1</total_fee>
<trade_type><![CDATA[NATIVE]]></trade_type>
<transaction_id><![CDATA[4200000293201903284587868957]]></transaction_id>
</xml>
<<<<<<<2019-03-28 10:27:06
<xml><appid><![CDATA[wxd5af665b240b75d4]]></appid>
<bank_type><![CDATA[CFT]]></bank_type>
<cash_fee><![CDATA[1]]></cash_fee>
<fee_type><![CDATA[CNY]]></fee_type>
<is_subscribe><![CDATA[N]]></is_subscribe>
<mch_id><![CDATA[1500086022]]></mch_id>
<nonce_str><![CDATA[2cfeed4d6aa427b7a4cfad14b1e02b7b]]></nonce_str>
<openid><![CDATA[osZaFw2kMFRYzFr1_x_IvfbGOwHQ]]></openid>
<out_trade_no><![CDATA[1903281026961854629]]></out_trade_no>
<result_code><![CDATA[SUCCESS]]></result_code>
<return_code><![CDATA[SUCCESS]]></return_code>
<sign><![CDATA[D6737F1BDBABEE80B7DD98AD31975A5E]]></sign>
<time_end><![CDATA[20190328102649]]></time_end>
<total_fee>1</total_fee>
<trade_type><![CDATA[NATIVE]]></trade_type>
<transaction_id><![CDATA[4200000293201903284587868957]]></transaction_id>
</xml>
<<<<<<<2019-03-28 10:27:22
<xml><appid><![CDATA[wxd5af665b240b75d4]]></appid>
<bank_type><![CDATA[CFT]]></bank_type>
<cash_fee><![CDATA[1]]></cash_fee>
<fee_type><![CDATA[CNY]]></fee_type>
<is_subscribe><![CDATA[N]]></is_subscribe>
<mch_id><![CDATA[1500086022]]></mch_id>
<nonce_str><![CDATA[2cfeed4d6aa427b7a4cfad14b1e02b7b]]></nonce_str>
<openid><![CDATA[osZaFw2kMFRYzFr1_x_IvfbGOwHQ]]></openid>
<out_trade_no><![CDATA[1903281026961854629]]></out_trade_no>
<result_code><![CDATA[SUCCESS]]></result_code>
<return_code><![CDATA[SUCCESS]]></return_code>
<sign><![CDATA[D6737F1BDBABEE80B7DD98AD31975A5E]]></sign>
<time_end><![CDATA[20190328102649]]></time_end>
<total_fee>1</total_fee>
<trade_type><![CDATA[NATIVE]]></trade_type>
<transaction_id><![CDATA[4200000293201903284587868957]]></transaction_id>
</xml>
<<<<<<<2019-03-28 10:27:53
<xml><appid><![CDATA[wxd5af665b240b75d4]]></appid>
<bank_type><![CDATA[CFT]]></bank_type>
<cash_fee><![CDATA[1]]></cash_fee>
<fee_type><![CDATA[CNY]]></fee_type>
<is_subscribe><![CDATA[N]]></is_subscribe>
<mch_id><![CDATA[1500086022]]></mch_id>
<nonce_str><![CDATA[2cfeed4d6aa427b7a4cfad14b1e02b7b]]></nonce_str>
<openid><![CDATA[osZaFw2kMFRYzFr1_x_IvfbGOwHQ]]></openid>
<out_trade_no><![CDATA[1903281026961854629]]></out_trade_no>
<result_code><![CDATA[SUCCESS]]></result_code>
<return_code><![CDATA[SUCCESS]]></return_code>
<sign><![CDATA[D6737F1BDBABEE80B7DD98AD31975A5E]]></sign>
<time_end><![CDATA[20190328102649]]></time_end>
<total_fee>1</total_fee>
<trade_type><![CDATA[NATIVE]]></trade_type>
<transaction_id><![CDATA[4200000293201903284587868957]]></transaction_id>
</xml>
<<<<<<<2019-03-28 10:30:53
<xml><appid><![CDATA[wxd5af665b240b75d4]]></appid>
<bank_type><![CDATA[CFT]]></bank_type>
<cash_fee><![CDATA[1]]></cash_fee>
<fee_type><![CDATA[CNY]]></fee_type>
<is_subscribe><![CDATA[N]]></is_subscribe>
<mch_id><![CDATA[1500086022]]></mch_id>
<nonce_str><![CDATA[2cfeed4d6aa427b7a4cfad14b1e02b7b]]></nonce_str>
<openid><![CDATA[osZaFw2kMFRYzFr1_x_IvfbGOwHQ]]></openid>
<out_trade_no><![CDATA[1903281026961854629]]></out_trade_no>
<result_code><![CDATA[SUCCESS]]></result_code>
<return_code><![CDATA[SUCCESS]]></return_code>
<sign><![CDATA[D6737F1BDBABEE80B7DD98AD31975A5E]]></sign>
<time_end><![CDATA[20190328102649]]></time_end>
<total_fee>1</total_fee>
<trade_type><![CDATA[NATIVE]]></trade_type>
<transaction_id><![CDATA[4200000293201903284587868957]]></transaction_id>
</xml>
<<<<<<<2019-03-28 10:31:16
<xml><appid><![CDATA[wxd5af665b240b75d4]]></appid>
<bank_type><![CDATA[CFT]]></bank_type>
<cash_fee><![CDATA[1]]></cash_fee>
<fee_type><![CDATA[CNY]]></fee_type>
<is_subscribe><![CDATA[N]]></is_subscribe>
<mch_id><![CDATA[1500086022]]></mch_id>
<nonce_str><![CDATA[2b1917040a457cf4683258560cd72189]]></nonce_str>
<oid><![CDATA[25]]></oid>
<openid><![CDATA[osZaFw2kMFRYzFr1_x_IvfbGOwHQ]]></openid>
<out_trade_no><![CDATA[1903281030266307147]]></out_trade_no>
<result_code><![CDATA[SUCCESS]]></result_code>
<return_code><![CDATA[SUCCESS]]></return_code>
<sign><![CDATA[ED30D17F67C4D05D449D7C911E2BB8B8]]></sign>
<time_end><![CDATA[20190328103115]]></time_end>
<total_fee>1</total_fee>
<trade_type><![CDATA[NATIVE]]></trade_type>
<transaction_id><![CDATA[4200000296201903286437787978]]></transaction_id>
</xml>
<<<<<<<2019-03-28 10:31:32
<xml><appid><![CDATA[wxd5af665b240b75d4]]></appid>
<bank_type><![CDATA[CFT]]></bank_type>
<cash_fee><![CDATA[1]]></cash_fee>
<fee_type><![CDATA[CNY]]></fee_type>
<is_subscribe><![CDATA[N]]></is_subscribe>
<mch_id><![CDATA[1500086022]]></mch_id>
<nonce_str><![CDATA[2b1917040a457cf4683258560cd72189]]></nonce_str>
<oid><![CDATA[25]]></oid>
<openid><![CDATA[osZaFw2kMFRYzFr1_x_IvfbGOwHQ]]></openid>
<out_trade_no><![CDATA[1903281030266307147]]></out_trade_no>
<result_code><![CDATA[SUCCESS]]></result_code>
<return_code><![CDATA[SUCCESS]]></return_code>
<sign><![CDATA[ED30D17F67C4D05D449D7C911E2BB8B8]]></sign>
<time_end><![CDATA[20190328103115]]></time_end>
<total_fee>1</total_fee>
<trade_type><![CDATA[NATIVE]]></trade_type>
<transaction_id><![CDATA[4200000296201903286437787978]]></transaction_id>
</xml>
<<<<<<<2019-03-28 10:31:48
<xml><appid><![CDATA[wxd5af665b240b75d4]]></appid>
<bank_type><![CDATA[CFT]]></bank_type>
<cash_fee><![CDATA[1]]></cash_fee>
<fee_type><![CDATA[CNY]]></fee_type>
<is_subscribe><![CDATA[N]]></is_subscribe>
<mch_id><![CDATA[1500086022]]></mch_id>
<nonce_str><![CDATA[2b1917040a457cf4683258560cd72189]]></nonce_str>
<oid><![CDATA[25]]></oid>
<openid><![CDATA[osZaFw2kMFRYzFr1_x_IvfbGOwHQ]]></openid>
<out_trade_no><![CDATA[1903281030266307147]]></out_trade_no>
<result_code><![CDATA[SUCCESS]]></result_code>
<return_code><![CDATA[SUCCESS]]></return_code>
<sign><![CDATA[ED30D17F67C4D05D449D7C911E2BB8B8]]></sign>
<time_end><![CDATA[20190328103115]]></time_end>
<total_fee>1</total_fee>
<trade_type><![CDATA[NATIVE]]></trade_type>
<transaction_id><![CDATA[4200000296201903286437787978]]></transaction_id>
</xml>
<<<<<<<2019-03-28 10:32:20
<xml><appid><![CDATA[wxd5af665b240b75d4]]></appid>
<bank_type><![CDATA[CFT]]></bank_type>
<cash_fee><![CDATA[1]]></cash_fee>
<fee_type><![CDATA[CNY]]></fee_type>
<is_subscribe><![CDATA[N]]></is_subscribe>
<mch_id><![CDATA[1500086022]]></mch_id>
<nonce_str><![CDATA[2b1917040a457cf4683258560cd72189]]></nonce_str>
<oid><![CDATA[25]]></oid>
<openid><![CDATA[osZaFw2kMFRYzFr1_x_IvfbGOwHQ]]></openid>
<out_trade_no><![CDATA[1903281030266307147]]></out_trade_no>
<result_code><![CDATA[SUCCESS]]></result_code>
<return_code><![CDATA[SUCCESS]]></return_code>
<sign><![CDATA[ED30D17F67C4D05D449D7C911E2BB8B8]]></sign>
<time_end><![CDATA[20190328103115]]></time_end>
<total_fee>1</total_fee>
<trade_type><![CDATA[NATIVE]]></trade_type>
<transaction_id><![CDATA[4200000296201903286437787978]]></transaction_id>
</xml>
<<<<<<<2019-03-28 10:35:20
<xml><appid><![CDATA[wxd5af665b240b75d4]]></appid>
<bank_type><![CDATA[CFT]]></bank_type>
<cash_fee><![CDATA[1]]></cash_fee>
<fee_type><![CDATA[CNY]]></fee_type>
<is_subscribe><![CDATA[N]]></is_subscribe>
<mch_id><![CDATA[1500086022]]></mch_id>
<nonce_str><![CDATA[2b1917040a457cf4683258560cd72189]]></nonce_str>
<oid><![CDATA[25]]></oid>
<openid><![CDATA[osZaFw2kMFRYzFr1_x_IvfbGOwHQ]]></openid>
<out_trade_no><![CDATA[1903281030266307147]]></out_trade_no>
<result_code><![CDATA[SUCCESS]]></result_code>
<return_code><![CDATA[SUCCESS]]></return_code>
<sign><![CDATA[ED30D17F67C4D05D449D7C911E2BB8B8]]></sign>
<time_end><![CDATA[20190328103115]]></time_end>
<total_fee>1</total_fee>
<trade_type><![CDATA[NATIVE]]></trade_type>
<transaction_id><![CDATA[4200000296201903286437787978]]></transaction_id>
</xml>
<<<<<<<2019-03-28 10:49:35
<xml><appid><![CDATA[wxd5af665b240b75d4]]></appid>
<bank_type><![CDATA[CFT]]></bank_type>
<cash_fee><![CDATA[1]]></cash_fee>
<fee_type><![CDATA[CNY]]></fee_type>
<is_subscribe><![CDATA[N]]></is_subscribe>
<mch_id><![CDATA[1500086022]]></mch_id>
<nonce_str><![CDATA[3ed9f067b9521cb7a1d30ba955ee4a38]]></nonce_str>
<oid><![CDATA[22]]></oid>
<openid><![CDATA[osZaFw2kMFRYzFr1_x_IvfbGOwHQ]]></openid>
<out_trade_no><![CDATA[1903281014606113061]]></out_trade_no>
<result_code><![CDATA[SUCCESS]]></result_code>
<return_code><![CDATA[SUCCESS]]></return_code>
<sign><![CDATA[288928DEDCB336F3D703E2945DD6922F]]></sign>
<time_end><![CDATA[20190328101527]]></time_end>
<total_fee>1</total_fee>
<trade_type><![CDATA[NATIVE]]></trade_type>
<transaction_id><![CDATA[4200000293201903288287735215]]></transaction_id>
</xml>
<<<<<<<2019-03-28 10:49:39
<xml><appid><![CDATA[wxd5af665b240b75d4]]></appid>
<bank_type><![CDATA[CFT]]></bank_type>
<cash_fee><![CDATA[1]]></cash_fee>
<fee_type><![CDATA[CNY]]></fee_type>
<is_subscribe><![CDATA[N]]></is_subscribe>
<mch_id><![CDATA[1500086022]]></mch_id>
<nonce_str><![CDATA[9f29722b8ce200393f35da944480396c]]></nonce_str>
<oid><![CDATA[26]]></oid>
<openid><![CDATA[osZaFw2kMFRYzFr1_x_IvfbGOwHQ]]></openid>
<out_trade_no><![CDATA[1903281049728927957]]></out_trade_no>
<result_code><![CDATA[SUCCESS]]></result_code>
<return_code><![CDATA[SUCCESS]]></return_code>
<sign><![CDATA[A3638CEE82E1B813F4D1C5AA977822E1]]></sign>
<time_end><![CDATA[20190328104938]]></time_end>
<total_fee>1</total_fee>
<trade_type><![CDATA[NATIVE]]></trade_type>
<transaction_id><![CDATA[4200000292201903288100791276]]></transaction_id>
</xml>
<<<<<<<2019-03-28 10:49:55
<xml><appid><![CDATA[wxd5af665b240b75d4]]></appid>
<bank_type><![CDATA[CFT]]></bank_type>
<cash_fee><![CDATA[1]]></cash_fee>
<fee_type><![CDATA[CNY]]></fee_type>
<is_subscribe><![CDATA[N]]></is_subscribe>
<mch_id><![CDATA[1500086022]]></mch_id>
<nonce_str><![CDATA[9f29722b8ce200393f35da944480396c]]></nonce_str>
<oid><![CDATA[26]]></oid>
<openid><![CDATA[osZaFw2kMFRYzFr1_x_IvfbGOwHQ]]></openid>
<out_trade_no><![CDATA[1903281049728927957]]></out_trade_no>
<result_code><![CDATA[SUCCESS]]></result_code>
<return_code><![CDATA[SUCCESS]]></return_code>
<sign><![CDATA[A3638CEE82E1B813F4D1C5AA977822E1]]></sign>
<time_end><![CDATA[20190328104938]]></time_end>
<total_fee>1</total_fee>
<trade_type><![CDATA[NATIVE]]></trade_type>
<transaction_id><![CDATA[4200000292201903288100791276]]></transaction_id>
</xml>
<<<<<<<2019-03-28 10:50:10
<xml><appid><![CDATA[wxd5af665b240b75d4]]></appid>
<bank_type><![CDATA[CFT]]></bank_type>
<cash_fee><![CDATA[1]]></cash_fee>
<fee_type><![CDATA[CNY]]></fee_type>
<is_subscribe><![CDATA[N]]></is_subscribe>
<mch_id><![CDATA[1500086022]]></mch_id>
<nonce_str><![CDATA[9f29722b8ce200393f35da944480396c]]></nonce_str>
<oid><![CDATA[26]]></oid>
<openid><![CDATA[osZaFw2kMFRYzFr1_x_IvfbGOwHQ]]></openid>
<out_trade_no><![CDATA[1903281049728927957]]></out_trade_no>
<result_code><![CDATA[SUCCESS]]></result_code>
<return_code><![CDATA[SUCCESS]]></return_code>
<sign><![CDATA[A3638CEE82E1B813F4D1C5AA977822E1]]></sign>
<time_end><![CDATA[20190328104938]]></time_end>
<total_fee>1</total_fee>
<trade_type><![CDATA[NATIVE]]></trade_type>
<transaction_id><![CDATA[4200000292201903288100791276]]></transaction_id>
</xml>
<<<<<<<2019-03-28 10:50:41
<xml><appid><![CDATA[wxd5af665b240b75d4]]></appid>
<bank_type><![CDATA[CFT]]></bank_type>
<cash_fee><![CDATA[1]]></cash_fee>
<fee_type><![CDATA[CNY]]></fee_type>
<is_subscribe><![CDATA[N]]></is_subscribe>
<mch_id><![CDATA[1500086022]]></mch_id>
<nonce_str><![CDATA[9f29722b8ce200393f35da944480396c]]></nonce_str>
<oid><![CDATA[26]]></oid>
<openid><![CDATA[osZaFw2kMFRYzFr1_x_IvfbGOwHQ]]></openid>
<out_trade_no><![CDATA[1903281049728927957]]></out_trade_no>
<result_code><![CDATA[SUCCESS]]></result_code>
<return_code><![CDATA[SUCCESS]]></return_code>
<sign><![CDATA[A3638CEE82E1B813F4D1C5AA977822E1]]></sign>
<time_end><![CDATA[20190328104938]]></time_end>
<total_fee>1</total_fee>
<trade_type><![CDATA[NATIVE]]></trade_type>
<transaction_id><![CDATA[4200000292201903288100791276]]></transaction_id>
</xml>
<<<<<<<2019-03-28 10:53:42
<xml><appid><![CDATA[wxd5af665b240b75d4]]></appid>
<bank_type><![CDATA[CFT]]></bank_type>
<cash_fee><![CDATA[1]]></cash_fee>
<fee_type><![CDATA[CNY]]></fee_type>
<is_subscribe><![CDATA[N]]></is_subscribe>
<mch_id><![CDATA[1500086022]]></mch_id>
<nonce_str><![CDATA[9f29722b8ce200393f35da944480396c]]></nonce_str>
<oid><![CDATA[26]]></oid>
<openid><![CDATA[osZaFw2kMFRYzFr1_x_IvfbGOwHQ]]></openid>
<out_trade_no><![CDATA[1903281049728927957]]></out_trade_no>
<result_code><![CDATA[SUCCESS]]></result_code>
<return_code><![CDATA[SUCCESS]]></return_code>
<sign><![CDATA[A3638CEE82E1B813F4D1C5AA977822E1]]></sign>
<time_end><![CDATA[20190328104938]]></time_end>
<total_fee>1</total_fee>
<trade_type><![CDATA[NATIVE]]></trade_type>
<transaction_id><![CDATA[4200000292201903288100791276]]></transaction_id>
</xml>
<<<<<<<2019-03-28 10:59:15
<xml><appid><![CDATA[wxd5af665b240b75d4]]></appid>
<bank_type><![CDATA[CFT]]></bank_type>
<cash_fee><![CDATA[1]]></cash_fee>
<fee_type><![CDATA[CNY]]></fee_type>
<is_subscribe><![CDATA[N]]></is_subscribe>
<mch_id><![CDATA[1500086022]]></mch_id>
<nonce_str><![CDATA[5cc872f6bbcdbc8f1200b780cf07d38e]]></nonce_str>
<oid><![CDATA[27]]></oid>
<openid><![CDATA[osZaFw2kMFRYzFr1_x_IvfbGOwHQ]]></openid>
<out_trade_no><![CDATA[1903281058495549601]]></out_trade_no>
<result_code><![CDATA[SUCCESS]]></result_code>
<return_code><![CDATA[SUCCESS]]></return_code>
<sign><![CDATA[4FCC96DE9187FB7862A88A4A038711A7]]></sign>
<time_end><![CDATA[20190328105914]]></time_end>
<total_fee>1</total_fee>
<trade_type><![CDATA[NATIVE]]></trade_type>
<transaction_id><![CDATA[4200000295201903285899952451]]></transaction_id>
</xml>
<<<<<<<2019-03-28 10:59:31
<xml><appid><![CDATA[wxd5af665b240b75d4]]></appid>
<bank_type><![CDATA[CFT]]></bank_type>
<cash_fee><![CDATA[1]]></cash_fee>
<fee_type><![CDATA[CNY]]></fee_type>
<is_subscribe><![CDATA[N]]></is_subscribe>
<mch_id><![CDATA[1500086022]]></mch_id>
<nonce_str><![CDATA[5cc872f6bbcdbc8f1200b780cf07d38e]]></nonce_str>
<oid><![CDATA[27]]></oid>
<openid><![CDATA[osZaFw2kMFRYzFr1_x_IvfbGOwHQ]]></openid>
<out_trade_no><![CDATA[1903281058495549601]]></out_trade_no>
<result_code><![CDATA[SUCCESS]]></result_code>
<return_code><![CDATA[SUCCESS]]></return_code>
<sign><![CDATA[4FCC96DE9187FB7862A88A4A038711A7]]></sign>
<time_end><![CDATA[20190328105914]]></time_end>
<total_fee>1</total_fee>
<trade_type><![CDATA[NATIVE]]></trade_type>
<transaction_id><![CDATA[4200000295201903285899952451]]></transaction_id>
</xml>
<<<<<<<2019-03-28 10:59:47
<xml><appid><![CDATA[wxd5af665b240b75d4]]></appid>
<bank_type><![CDATA[CFT]]></bank_type>
<cash_fee><![CDATA[1]]></cash_fee>
<fee_type><![CDATA[CNY]]></fee_type>
<is_subscribe><![CDATA[N]]></is_subscribe>
<mch_id><![CDATA[1500086022]]></mch_id>
<nonce_str><![CDATA[5cc872f6bbcdbc8f1200b780cf07d38e]]></nonce_str>
<oid><![CDATA[27]]></oid>
<openid><![CDATA[osZaFw2kMFRYzFr1_x_IvfbGOwHQ]]></openid>
<out_trade_no><![CDATA[1903281058495549601]]></out_trade_no>
<result_code><![CDATA[SUCCESS]]></result_code>
<return_code><![CDATA[SUCCESS]]></return_code>
<sign><![CDATA[4FCC96DE9187FB7862A88A4A038711A7]]></sign>
<time_end><![CDATA[20190328105914]]></time_end>
<total_fee>1</total_fee>
<trade_type><![CDATA[NATIVE]]></trade_type>
<transaction_id><![CDATA[4200000295201903285899952451]]></transaction_id>
</xml>
<<<<<<<2019-03-28 11:00:18
<xml><appid><![CDATA[wxd5af665b240b75d4]]></appid>
<bank_type><![CDATA[CFT]]></bank_type>
<cash_fee><![CDATA[1]]></cash_fee>
<fee_type><![CDATA[CNY]]></fee_type>
<is_subscribe><![CDATA[N]]></is_subscribe>
<mch_id><![CDATA[1500086022]]></mch_id>
<nonce_str><![CDATA[5cc872f6bbcdbc8f1200b780cf07d38e]]></nonce_str>
<oid><![CDATA[27]]></oid>
<openid><![CDATA[osZaFw2kMFRYzFr1_x_IvfbGOwHQ]]></openid>
<out_trade_no><![CDATA[1903281058495549601]]></out_trade_no>
<result_code><![CDATA[SUCCESS]]></result_code>
<return_code><![CDATA[SUCCESS]]></return_code>
<sign><![CDATA[4FCC96DE9187FB7862A88A4A038711A7]]></sign>
<time_end><![CDATA[20190328105914]]></time_end>
<total_fee>1</total_fee>
<trade_type><![CDATA[NATIVE]]></trade_type>
<transaction_id><![CDATA[4200000295201903285899952451]]></transaction_id>
</xml>
<<<<<<<2019-03-28 11:00:55
<xml><appid><![CDATA[wxd5af665b240b75d4]]></appid>
<bank_type><![CDATA[CFT]]></bank_type>
<cash_fee><![CDATA[1]]></cash_fee>
<fee_type><![CDATA[CNY]]></fee_type>
<is_subscribe><![CDATA[N]]></is_subscribe>
<mch_id><![CDATA[1500086022]]></mch_id>
<nonce_str><![CDATA[2cfeed4d6aa427b7a4cfad14b1e02b7b]]></nonce_str>
<openid><![CDATA[osZaFw2kMFRYzFr1_x_IvfbGOwHQ]]></openid>
<out_trade_no><![CDATA[1903281026961854629]]></out_trade_no>
<result_code><![CDATA[SUCCESS]]></result_code>
<return_code><![CDATA[SUCCESS]]></return_code>
<sign><![CDATA[D6737F1BDBABEE80B7DD98AD31975A5E]]></sign>
<time_end><![CDATA[20190328102649]]></time_end>
<total_fee>1</total_fee>
<trade_type><![CDATA[NATIVE]]></trade_type>
<transaction_id><![CDATA[4200000293201903284587868957]]></transaction_id>
</xml>
<<<<<<<2019-03-28 11:03:18
<xml><appid><![CDATA[wxd5af665b240b75d4]]></appid>
<bank_type><![CDATA[CFT]]></bank_type>
<cash_fee><![CDATA[1]]></cash_fee>
<fee_type><![CDATA[CNY]]></fee_type>
<is_subscribe><![CDATA[N]]></is_subscribe>
<mch_id><![CDATA[1500086022]]></mch_id>
<nonce_str><![CDATA[5cc872f6bbcdbc8f1200b780cf07d38e]]></nonce_str>
<oid><![CDATA[27]]></oid>
<openid><![CDATA[osZaFw2kMFRYzFr1_x_IvfbGOwHQ]]></openid>
<out_trade_no><![CDATA[1903281058495549601]]></out_trade_no>
<result_code><![CDATA[SUCCESS]]></result_code>
<return_code><![CDATA[SUCCESS]]></return_code>
<sign><![CDATA[4FCC96DE9187FB7862A88A4A038711A7]]></sign>
<time_end><![CDATA[20190328105914]]></time_end>
<total_fee>1</total_fee>
<trade_type><![CDATA[NATIVE]]></trade_type>
<transaction_id><![CDATA[4200000295201903285899952451]]></transaction_id>
</xml>
<<<<<<<2019-03-28 11:05:21
<xml><appid><![CDATA[wxd5af665b240b75d4]]></appid>
<bank_type><![CDATA[CFT]]></bank_type>
<cash_fee><![CDATA[1]]></cash_fee>
<fee_type><![CDATA[CNY]]></fee_type>
<is_subscribe><![CDATA[N]]></is_subscribe>
<mch_id><![CDATA[1500086022]]></mch_id>
<nonce_str><![CDATA[2b1917040a457cf4683258560cd72189]]></nonce_str>
<oid><![CDATA[25]]></oid>
<openid><![CDATA[osZaFw2kMFRYzFr1_x_IvfbGOwHQ]]></openid>
<out_trade_no><![CDATA[1903281030266307147]]></out_trade_no>
<result_code><![CDATA[SUCCESS]]></result_code>
<return_code><![CDATA[SUCCESS]]></return_code>
<sign><![CDATA[ED30D17F67C4D05D449D7C911E2BB8B8]]></sign>
<time_end><![CDATA[20190328103115]]></time_end>
<total_fee>1</total_fee>
<trade_type><![CDATA[NATIVE]]></trade_type>
<transaction_id><![CDATA[4200000296201903286437787978]]></transaction_id>
</xml>
<<<<<<<2019-03-28 11:19:36
<xml><appid><![CDATA[wxd5af665b240b75d4]]></appid>
<bank_type><![CDATA[CFT]]></bank_type>
<cash_fee><![CDATA[1]]></cash_fee>
<fee_type><![CDATA[CNY]]></fee_type>
<is_subscribe><![CDATA[N]]></is_subscribe>
<mch_id><![CDATA[1500086022]]></mch_id>
<nonce_str><![CDATA[3ed9f067b9521cb7a1d30ba955ee4a38]]></nonce_str>
<oid><![CDATA[22]]></oid>
<openid><![CDATA[osZaFw2kMFRYzFr1_x_IvfbGOwHQ]]></openid>
<out_trade_no><![CDATA[1903281014606113061]]></out_trade_no>
<result_code><![CDATA[SUCCESS]]></result_code>
<return_code><![CDATA[SUCCESS]]></return_code>
<sign><![CDATA[288928DEDCB336F3D703E2945DD6922F]]></sign>
<time_end><![CDATA[20190328101527]]></time_end>
<total_fee>1</total_fee>
<trade_type><![CDATA[NATIVE]]></trade_type>
<transaction_id><![CDATA[4200000293201903288287735215]]></transaction_id>
</xml>
<<<<<<<2019-03-28 11:23:43
<xml><appid><![CDATA[wxd5af665b240b75d4]]></appid>
<bank_type><![CDATA[CFT]]></bank_type>
<cash_fee><![CDATA[1]]></cash_fee>
<fee_type><![CDATA[CNY]]></fee_type>
<is_subscribe><![CDATA[N]]></is_subscribe>
<mch_id><![CDATA[1500086022]]></mch_id>
<nonce_str><![CDATA[9f29722b8ce200393f35da944480396c]]></nonce_str>
<oid><![CDATA[26]]></oid>
<openid><![CDATA[osZaFw2kMFRYzFr1_x_IvfbGOwHQ]]></openid>
<out_trade_no><![CDATA[1903281049728927957]]></out_trade_no>
<result_code><![CDATA[SUCCESS]]></result_code>
<return_code><![CDATA[SUCCESS]]></return_code>
<sign><![CDATA[A3638CEE82E1B813F4D1C5AA977822E1]]></sign>
<time_end><![CDATA[20190328104938]]></time_end>
<total_fee>1</total_fee>
<trade_type><![CDATA[NATIVE]]></trade_type>
<transaction_id><![CDATA[4200000292201903288100791276]]></transaction_id>
</xml>
<<<<<<<2019-03-28 11:30:56
<xml><appid><![CDATA[wxd5af665b240b75d4]]></appid>
<bank_type><![CDATA[CFT]]></bank_type>
<cash_fee><![CDATA[1]]></cash_fee>
<fee_type><![CDATA[CNY]]></fee_type>
<is_subscribe><![CDATA[N]]></is_subscribe>
<mch_id><![CDATA[1500086022]]></mch_id>
<nonce_str><![CDATA[2cfeed4d6aa427b7a4cfad14b1e02b7b]]></nonce_str>
<openid><![CDATA[osZaFw2kMFRYzFr1_x_IvfbGOwHQ]]></openid>
<out_trade_no><![CDATA[1903281026961854629]]></out_trade_no>
<result_code><![CDATA[SUCCESS]]></result_code>
<return_code><![CDATA[SUCCESS]]></return_code>
<sign><![CDATA[D6737F1BDBABEE80B7DD98AD31975A5E]]></sign>
<time_end><![CDATA[20190328102649]]></time_end>
<total_fee>1</total_fee>
<trade_type><![CDATA[NATIVE]]></trade_type>
<transaction_id><![CDATA[4200000293201903284587868957]]></transaction_id>
</xml>
<<<<<<<2019-03-28 11:33:20
<xml><appid><![CDATA[wxd5af665b240b75d4]]></appid>
<bank_type><![CDATA[CFT]]></bank_type>
<cash_fee><![CDATA[1]]></cash_fee>
<fee_type><![CDATA[CNY]]></fee_type>
<is_subscribe><![CDATA[N]]></is_subscribe>
<mch_id><![CDATA[1500086022]]></mch_id>
<nonce_str><![CDATA[5cc872f6bbcdbc8f1200b780cf07d38e]]></nonce_str>
<oid><![CDATA[27]]></oid>
<openid><![CDATA[osZaFw2kMFRYzFr1_x_IvfbGOwHQ]]></openid>
<out_trade_no><![CDATA[1903281058495549601]]></out_trade_no>
<result_code><![CDATA[SUCCESS]]></result_code>
<return_code><![CDATA[SUCCESS]]></return_code>
<sign><![CDATA[4FCC96DE9187FB7862A88A4A038711A7]]></sign>
<time_end><![CDATA[20190328105914]]></time_end>
<total_fee>1</total_fee>
<trade_type><![CDATA[NATIVE]]></trade_type>
<transaction_id><![CDATA[4200000295201903285899952451]]></transaction_id>
</xml>
<<<<<<<2019-03-28 11:35:22
<xml><appid><![CDATA[wxd5af665b240b75d4]]></appid>
<bank_type><![CDATA[CFT]]></bank_type>
<cash_fee><![CDATA[1]]></cash_fee>
<fee_type><![CDATA[CNY]]></fee_type>
<is_subscribe><![CDATA[N]]></is_subscribe>
<mch_id><![CDATA[1500086022]]></mch_id>
<nonce_str><![CDATA[2b1917040a457cf4683258560cd72189]]></nonce_str>
<oid><![CDATA[25]]></oid>
<openid><![CDATA[osZaFw2kMFRYzFr1_x_IvfbGOwHQ]]></openid>
<out_trade_no><![CDATA[1903281030266307147]]></out_trade_no>
<result_code><![CDATA[SUCCESS]]></result_code>
<return_code><![CDATA[SUCCESS]]></return_code>
<sign><![CDATA[ED30D17F67C4D05D449D7C911E2BB8B8]]></sign>
<time_end><![CDATA[20190328103115]]></time_end>
<total_fee>1</total_fee>
<trade_type><![CDATA[NATIVE]]></trade_type>
<transaction_id><![CDATA[4200000296201903286437787978]]></transaction_id>
</xml>
<<<<<<<2019-03-28 11:49:38
<xml><appid><![CDATA[wxd5af665b240b75d4]]></appid>
<bank_type><![CDATA[CFT]]></bank_type>
<cash_fee><![CDATA[1]]></cash_fee>
<fee_type><![CDATA[CNY]]></fee_type>
<is_subscribe><![CDATA[N]]></is_subscribe>
<mch_id><![CDATA[1500086022]]></mch_id>
<nonce_str><![CDATA[3ed9f067b9521cb7a1d30ba955ee4a38]]></nonce_str>
<oid><![CDATA[22]]></oid>
<openid><![CDATA[osZaFw2kMFRYzFr1_x_IvfbGOwHQ]]></openid>
<out_trade_no><![CDATA[1903281014606113061]]></out_trade_no>
<result_code><![CDATA[SUCCESS]]></result_code>
<return_code><![CDATA[SUCCESS]]></return_code>
<sign><![CDATA[288928DEDCB336F3D703E2945DD6922F]]></sign>
<time_end><![CDATA[20190328101527]]></time_end>
<total_fee>1</total_fee>
<trade_type><![CDATA[NATIVE]]></trade_type>
<transaction_id><![CDATA[4200000293201903288287735215]]></transaction_id>
</xml>
<<<<<<<2019-03-28 11:53:44
<xml><appid><![CDATA[wxd5af665b240b75d4]]></appid>
<bank_type><![CDATA[CFT]]></bank_type>
<cash_fee><![CDATA[1]]></cash_fee>
<fee_type><![CDATA[CNY]]></fee_type>
<is_subscribe><![CDATA[N]]></is_subscribe>
<mch_id><![CDATA[1500086022]]></mch_id>
<nonce_str><![CDATA[9f29722b8ce200393f35da944480396c]]></nonce_str>
<oid><![CDATA[26]]></oid>
<openid><![CDATA[osZaFw2kMFRYzFr1_x_IvfbGOwHQ]]></openid>
<out_trade_no><![CDATA[1903281049728927957]]></out_trade_no>
<result_code><![CDATA[SUCCESS]]></result_code>
<return_code><![CDATA[SUCCESS]]></return_code>
<sign><![CDATA[A3638CEE82E1B813F4D1C5AA977822E1]]></sign>
<time_end><![CDATA[20190328104938]]></time_end>
<total_fee>1</total_fee>
<trade_type><![CDATA[NATIVE]]></trade_type>
<transaction_id><![CDATA[4200000292201903288100791276]]></transaction_id>
</xml>
<<<<<<<2019-03-28 12:00:57
<xml><appid><![CDATA[wxd5af665b240b75d4]]></appid>
<bank_type><![CDATA[CFT]]></bank_type>
<cash_fee><![CDATA[1]]></cash_fee>
<fee_type><![CDATA[CNY]]></fee_type>
<is_subscribe><![CDATA[N]]></is_subscribe>
<mch_id><![CDATA[1500086022]]></mch_id>
<nonce_str><![CDATA[2cfeed4d6aa427b7a4cfad14b1e02b7b]]></nonce_str>
<openid><![CDATA[osZaFw2kMFRYzFr1_x_IvfbGOwHQ]]></openid>
<out_trade_no><![CDATA[1903281026961854629]]></out_trade_no>
<result_code><![CDATA[SUCCESS]]></result_code>
<return_code><![CDATA[SUCCESS]]></return_code>
<sign><![CDATA[D6737F1BDBABEE80B7DD98AD31975A5E]]></sign>
<time_end><![CDATA[20190328102649]]></time_end>
<total_fee>1</total_fee>
<trade_type><![CDATA[NATIVE]]></trade_type>
<transaction_id><![CDATA[4200000293201903284587868957]]></transaction_id>
</xml>
<<<<<<<2019-03-28 12:03:21
<xml><appid><![CDATA[wxd5af665b240b75d4]]></appid>
<bank_type><![CDATA[CFT]]></bank_type>
<cash_fee><![CDATA[1]]></cash_fee>
<fee_type><![CDATA[CNY]]></fee_type>
<is_subscribe><![CDATA[N]]></is_subscribe>
<mch_id><![CDATA[1500086022]]></mch_id>
<nonce_str><![CDATA[5cc872f6bbcdbc8f1200b780cf07d38e]]></nonce_str>
<oid><![CDATA[27]]></oid>
<openid><![CDATA[osZaFw2kMFRYzFr1_x_IvfbGOwHQ]]></openid>
<out_trade_no><![CDATA[1903281058495549601]]></out_trade_no>
<result_code><![CDATA[SUCCESS]]></result_code>
<return_code><![CDATA[SUCCESS]]></return_code>
<sign><![CDATA[4FCC96DE9187FB7862A88A4A038711A7]]></sign>
<time_end><![CDATA[20190328105914]]></time_end>
<total_fee>1</total_fee>
<trade_type><![CDATA[NATIVE]]></trade_type>
<transaction_id><![CDATA[4200000295201903285899952451]]></transaction_id>
</xml>
<<<<<<<2019-03-28 12:05:23
<xml><appid><![CDATA[wxd5af665b240b75d4]]></appid>
<bank_type><![CDATA[CFT]]></bank_type>
<cash_fee><![CDATA[1]]></cash_fee>
<fee_type><![CDATA[CNY]]></fee_type>
<is_subscribe><![CDATA[N]]></is_subscribe>
<mch_id><![CDATA[1500086022]]></mch_id>
<nonce_str><![CDATA[2b1917040a457cf4683258560cd72189]]></nonce_str>
<oid><![CDATA[25]]></oid>
<openid><![CDATA[osZaFw2kMFRYzFr1_x_IvfbGOwHQ]]></openid>
<out_trade_no><![CDATA[1903281030266307147]]></out_trade_no>
<result_code><![CDATA[SUCCESS]]></result_code>
<return_code><![CDATA[SUCCESS]]></return_code>
<sign><![CDATA[ED30D17F67C4D05D449D7C911E2BB8B8]]></sign>
<time_end><![CDATA[20190328103115]]></time_end>
<total_fee>1</total_fee>
<trade_type><![CDATA[NATIVE]]></trade_type>
<transaction_id><![CDATA[4200000296201903286437787978]]></transaction_id>
</xml>
<<<<<<<2019-03-28 12:19:39
<xml><appid><![CDATA[wxd5af665b240b75d4]]></appid>
<bank_type><![CDATA[CFT]]></bank_type>
<cash_fee><![CDATA[1]]></cash_fee>
<fee_type><![CDATA[CNY]]></fee_type>
<is_subscribe><![CDATA[N]]></is_subscribe>
<mch_id><![CDATA[1500086022]]></mch_id>
<nonce_str><![CDATA[3ed9f067b9521cb7a1d30ba955ee4a38]]></nonce_str>
<oid><![CDATA[22]]></oid>
<openid><![CDATA[osZaFw2kMFRYzFr1_x_IvfbGOwHQ]]></openid>
<out_trade_no><![CDATA[1903281014606113061]]></out_trade_no>
<result_code><![CDATA[SUCCESS]]></result_code>
<return_code><![CDATA[SUCCESS]]></return_code>
<sign><![CDATA[288928DEDCB336F3D703E2945DD6922F]]></sign>
<time_end><![CDATA[20190328101527]]></time_end>
<total_fee>1</total_fee>
<trade_type><![CDATA[NATIVE]]></trade_type>
<transaction_id><![CDATA[4200000293201903288287735215]]></transaction_id>
</xml>
<<<<<<<2019-03-28 12:23:45
<xml><appid><![CDATA[wxd5af665b240b75d4]]></appid>
<bank_type><![CDATA[CFT]]></bank_type>
<cash_fee><![CDATA[1]]></cash_fee>
<fee_type><![CDATA[CNY]]></fee_type>
<is_subscribe><![CDATA[N]]></is_subscribe>
<mch_id><![CDATA[1500086022]]></mch_id>
<nonce_str><![CDATA[9f29722b8ce200393f35da944480396c]]></nonce_str>
<oid><![CDATA[26]]></oid>
<openid><![CDATA[osZaFw2kMFRYzFr1_x_IvfbGOwHQ]]></openid>
<out_trade_no><![CDATA[1903281049728927957]]></out_trade_no>
<result_code><![CDATA[SUCCESS]]></result_code>
<return_code><![CDATA[SUCCESS]]></return_code>
<sign><![CDATA[A3638CEE82E1B813F4D1C5AA977822E1]]></sign>
<time_end><![CDATA[20190328104938]]></time_end>
<total_fee>1</total_fee>
<trade_type><![CDATA[NATIVE]]></trade_type>
<transaction_id><![CDATA[4200000292201903288100791276]]></transaction_id>
</xml>
<<<<<<<2019-03-28 12:30:59
<xml><appid><![CDATA[wxd5af665b240b75d4]]></appid>
<bank_type><![CDATA[CFT]]></bank_type>
<cash_fee><![CDATA[1]]></cash_fee>
<fee_type><![CDATA[CNY]]></fee_type>
<is_subscribe><![CDATA[N]]></is_subscribe>
<mch_id><![CDATA[1500086022]]></mch_id>
<nonce_str><![CDATA[2cfeed4d6aa427b7a4cfad14b1e02b7b]]></nonce_str>
<openid><![CDATA[osZaFw2kMFRYzFr1_x_IvfbGOwHQ]]></openid>
<out_trade_no><![CDATA[1903281026961854629]]></out_trade_no>
<result_code><![CDATA[SUCCESS]]></result_code>
<return_code><![CDATA[SUCCESS]]></return_code>
<sign><![CDATA[D6737F1BDBABEE80B7DD98AD31975A5E]]></sign>
<time_end><![CDATA[20190328102649]]></time_end>
<total_fee>1</total_fee>
<trade_type><![CDATA[NATIVE]]></trade_type>
<transaction_id><![CDATA[4200000293201903284587868957]]></transaction_id>
</xml>
<<<<<<<2019-03-28 12:33:22
<xml><appid><![CDATA[wxd5af665b240b75d4]]></appid>
<bank_type><![CDATA[CFT]]></bank_type>
<cash_fee><![CDATA[1]]></cash_fee>
<fee_type><![CDATA[CNY]]></fee_type>
<is_subscribe><![CDATA[N]]></is_subscribe>
<mch_id><![CDATA[1500086022]]></mch_id>
<nonce_str><![CDATA[5cc872f6bbcdbc8f1200b780cf07d38e]]></nonce_str>
<oid><![CDATA[27]]></oid>
<openid><![CDATA[osZaFw2kMFRYzFr1_x_IvfbGOwHQ]]></openid>
<out_trade_no><![CDATA[1903281058495549601]]></out_trade_no>
<result_code><![CDATA[SUCCESS]]></result_code>
<return_code><![CDATA[SUCCESS]]></return_code>
<sign><![CDATA[4FCC96DE9187FB7862A88A4A038711A7]]></sign>
<time_end><![CDATA[20190328105914]]></time_end>
<total_fee>1</total_fee>
<trade_type><![CDATA[NATIVE]]></trade_type>
<transaction_id><![CDATA[4200000295201903285899952451]]></transaction_id>
</xml>
<<<<<<<2019-03-28 12:35:24
<xml><appid><![CDATA[wxd5af665b240b75d4]]></appid>
<bank_type><![CDATA[CFT]]></bank_type>
<cash_fee><![CDATA[1]]></cash_fee>
<fee_type><![CDATA[CNY]]></fee_type>
<is_subscribe><![CDATA[N]]></is_subscribe>
<mch_id><![CDATA[1500086022]]></mch_id>
<nonce_str><![CDATA[2b1917040a457cf4683258560cd72189]]></nonce_str>
<oid><![CDATA[25]]></oid>
<openid><![CDATA[osZaFw2kMFRYzFr1_x_IvfbGOwHQ]]></openid>
<out_trade_no><![CDATA[1903281030266307147]]></out_trade_no>
<result_code><![CDATA[SUCCESS]]></result_code>
<return_code><![CDATA[SUCCESS]]></return_code>
<sign><![CDATA[ED30D17F67C4D05D449D7C911E2BB8B8]]></sign>
<time_end><![CDATA[20190328103115]]></time_end>
<total_fee>1</total_fee>
<trade_type><![CDATA[NATIVE]]></trade_type>
<transaction_id><![CDATA[4200000296201903286437787978]]></transaction_id>
</xml>
<<<<<<<2019-03-28 12:53:46
<xml><appid><![CDATA[wxd5af665b240b75d4]]></appid>
<bank_type><![CDATA[CFT]]></bank_type>
<cash_fee><![CDATA[1]]></cash_fee>
<fee_type><![CDATA[CNY]]></fee_type>
<is_subscribe><![CDATA[N]]></is_subscribe>
<mch_id><![CDATA[1500086022]]></mch_id>
<nonce_str><![CDATA[9f29722b8ce200393f35da944480396c]]></nonce_str>
<oid><![CDATA[26]]></oid>
<openid><![CDATA[osZaFw2kMFRYzFr1_x_IvfbGOwHQ]]></openid>
<out_trade_no><![CDATA[1903281049728927957]]></out_trade_no>
<result_code><![CDATA[SUCCESS]]></result_code>
<return_code><![CDATA[SUCCESS]]></return_code>
<sign><![CDATA[A3638CEE82E1B813F4D1C5AA977822E1]]></sign>
<time_end><![CDATA[20190328104938]]></time_end>
<total_fee>1</total_fee>
<trade_type><![CDATA[NATIVE]]></trade_type>
<transaction_id><![CDATA[4200000292201903288100791276]]></transaction_id>
</xml>
<<<<<<<2019-03-28 13:03:24
<xml><appid><![CDATA[wxd5af665b240b75d4]]></appid>
<bank_type><![CDATA[CFT]]></bank_type>
<cash_fee><![CDATA[1]]></cash_fee>
<fee_type><![CDATA[CNY]]></fee_type>
<is_subscribe><![CDATA[N]]></is_subscribe>
<mch_id><![CDATA[1500086022]]></mch_id>
<nonce_str><![CDATA[5cc872f6bbcdbc8f1200b780cf07d38e]]></nonce_str>
<oid><![CDATA[27]]></oid>
<openid><![CDATA[osZaFw2kMFRYzFr1_x_IvfbGOwHQ]]></openid>
<out_trade_no><![CDATA[1903281058495549601]]></out_trade_no>
<result_code><![CDATA[SUCCESS]]></result_code>
<return_code><![CDATA[SUCCESS]]></return_code>
<sign><![CDATA[4FCC96DE9187FB7862A88A4A038711A7]]></sign>
<time_end><![CDATA[20190328105914]]></time_end>
<total_fee>1</total_fee>
<trade_type><![CDATA[NATIVE]]></trade_type>
<transaction_id><![CDATA[4200000295201903285899952451]]></transaction_id>
</xml>
<<<<<<<2019-03-28 13:19:40
<xml><appid><![CDATA[wxd5af665b240b75d4]]></appid>
<bank_type><![CDATA[CFT]]></bank_type>
<cash_fee><![CDATA[1]]></cash_fee>
<fee_type><![CDATA[CNY]]></fee_type>
<is_subscribe><![CDATA[N]]></is_subscribe>
<mch_id><![CDATA[1500086022]]></mch_id>
<nonce_str><![CDATA[3ed9f067b9521cb7a1d30ba955ee4a38]]></nonce_str>
<oid><![CDATA[22]]></oid>
<openid><![CDATA[osZaFw2kMFRYzFr1_x_IvfbGOwHQ]]></openid>
<out_trade_no><![CDATA[1903281014606113061]]></out_trade_no>
<result_code><![CDATA[SUCCESS]]></result_code>
<return_code><![CDATA[SUCCESS]]></return_code>
<sign><![CDATA[288928DEDCB336F3D703E2945DD6922F]]></sign>
<time_end><![CDATA[20190328101527]]></time_end>
<total_fee>1</total_fee>
<trade_type><![CDATA[NATIVE]]></trade_type>
<transaction_id><![CDATA[4200000293201903288287735215]]></transaction_id>
</xml>
<<<<<<<2019-03-28 13:31:01
<xml><appid><![CDATA[wxd5af665b240b75d4]]></appid>
<bank_type><![CDATA[CFT]]></bank_type>
<cash_fee><![CDATA[1]]></cash_fee>
<fee_type><![CDATA[CNY]]></fee_type>
<is_subscribe><![CDATA[N]]></is_subscribe>
<mch_id><![CDATA[1500086022]]></mch_id>
<nonce_str><![CDATA[2cfeed4d6aa427b7a4cfad14b1e02b7b]]></nonce_str>
<openid><![CDATA[osZaFw2kMFRYzFr1_x_IvfbGOwHQ]]></openid>
<out_trade_no><![CDATA[1903281026961854629]]></out_trade_no>
<result_code><![CDATA[SUCCESS]]></result_code>
<return_code><![CDATA[SUCCESS]]></return_code>
<sign><![CDATA[D6737F1BDBABEE80B7DD98AD31975A5E]]></sign>
<time_end><![CDATA[20190328102649]]></time_end>
<total_fee>1</total_fee>
<trade_type><![CDATA[NATIVE]]></trade_type>
<transaction_id><![CDATA[4200000293201903284587868957]]></transaction_id>
</xml>
<<<<<<<2019-03-28 13:35:25
<xml><appid><![CDATA[wxd5af665b240b75d4]]></appid>
<bank_type><![CDATA[CFT]]></bank_type>
<cash_fee><![CDATA[1]]></cash_fee>
<fee_type><![CDATA[CNY]]></fee_type>
<is_subscribe><![CDATA[N]]></is_subscribe>
<mch_id><![CDATA[1500086022]]></mch_id>
<nonce_str><![CDATA[2b1917040a457cf4683258560cd72189]]></nonce_str>
<oid><![CDATA[25]]></oid>
<openid><![CDATA[osZaFw2kMFRYzFr1_x_IvfbGOwHQ]]></openid>
<out_trade_no><![CDATA[1903281030266307147]]></out_trade_no>
<result_code><![CDATA[SUCCESS]]></result_code>
<return_code><![CDATA[SUCCESS]]></return_code>
<sign><![CDATA[ED30D17F67C4D05D449D7C911E2BB8B8]]></sign>
<time_end><![CDATA[20190328103115]]></time_end>
<total_fee>1</total_fee>
<trade_type><![CDATA[NATIVE]]></trade_type>
<transaction_id><![CDATA[4200000296201903286437787978]]></transaction_id>
</xml>
<<<<<<<2019-03-28 13:53:48
<xml><appid><![CDATA[wxd5af665b240b75d4]]></appid>
<bank_type><![CDATA[CFT]]></bank_type>
<cash_fee><![CDATA[1]]></cash_fee>
<fee_type><![CDATA[CNY]]></fee_type>
<is_subscribe><![CDATA[N]]></is_subscribe>
<mch_id><![CDATA[1500086022]]></mch_id>
<nonce_str><![CDATA[9f29722b8ce200393f35da944480396c]]></nonce_str>
<oid><![CDATA[26]]></oid>
<openid><![CDATA[osZaFw2kMFRYzFr1_x_IvfbGOwHQ]]></openid>
<out_trade_no><![CDATA[1903281049728927957]]></out_trade_no>
<result_code><![CDATA[SUCCESS]]></result_code>
<return_code><![CDATA[SUCCESS]]></return_code>
<sign><![CDATA[A3638CEE82E1B813F4D1C5AA977822E1]]></sign>
<time_end><![CDATA[20190328104938]]></time_end>
<total_fee>1</total_fee>
<trade_type><![CDATA[NATIVE]]></trade_type>
<transaction_id><![CDATA[4200000292201903288100791276]]></transaction_id>
</xml>
<<<<<<<2019-03-28 14:03:25
<xml><appid><![CDATA[wxd5af665b240b75d4]]></appid>
<bank_type><![CDATA[CFT]]></bank_type>
<cash_fee><![CDATA[1]]></cash_fee>
<fee_type><![CDATA[CNY]]></fee_type>
<is_subscribe><![CDATA[N]]></is_subscribe>
<mch_id><![CDATA[1500086022]]></mch_id>
<nonce_str><![CDATA[5cc872f6bbcdbc8f1200b780cf07d38e]]></nonce_str>
<oid><![CDATA[27]]></oid>
<openid><![CDATA[osZaFw2kMFRYzFr1_x_IvfbGOwHQ]]></openid>
<out_trade_no><![CDATA[1903281058495549601]]></out_trade_no>
<result_code><![CDATA[SUCCESS]]></result_code>
<return_code><![CDATA[SUCCESS]]></return_code>
<sign><![CDATA[4FCC96DE9187FB7862A88A4A038711A7]]></sign>
<time_end><![CDATA[20190328105914]]></time_end>
<total_fee>1</total_fee>
<trade_type><![CDATA[NATIVE]]></trade_type>
<transaction_id><![CDATA[4200000295201903285899952451]]></transaction_id>
</xml>
<<<<<<<2019-03-29 11:40:20
<xml><appid><![CDATA[wxd5af665b240b75d4]]></appid>
<bank_type><![CDATA[CFT]]></bank_type>
<cash_fee><![CDATA[1]]></cash_fee>
<fee_type><![CDATA[CNY]]></fee_type>
<is_subscribe><![CDATA[N]]></is_subscribe>
<mch_id><![CDATA[1500086022]]></mch_id>
<nonce_str><![CDATA[12911cf98647730a138e88ce798cb343]]></nonce_str>
<oid><![CDATA[28]]></oid>
<openid><![CDATA[osZaFw2kMFRYzFr1_x_IvfbGOwHQ]]></openid>
<out_trade_no><![CDATA[1903291139286577034]]></out_trade_no>
<result_code><![CDATA[SUCCESS]]></result_code>
<return_code><![CDATA[SUCCESS]]></return_code>
<sign><![CDATA[D7FE273CE4F5F15CE60E466AA87F0C10]]></sign>
<time_end><![CDATA[20190329114020]]></time_end>
<total_fee>1</total_fee>
<trade_type><![CDATA[NATIVE]]></trade_type>
<transaction_id><![CDATA[4200000294201903290190789199]]></transaction_id>
</xml>
<<<<<<<2019-03-29 11:40:36
<xml><appid><![CDATA[wxd5af665b240b75d4]]></appid>
<bank_type><![CDATA[CFT]]></bank_type>
<cash_fee><![CDATA[1]]></cash_fee>
<fee_type><![CDATA[CNY]]></fee_type>
<is_subscribe><![CDATA[N]]></is_subscribe>
<mch_id><![CDATA[1500086022]]></mch_id>
<nonce_str><![CDATA[12911cf98647730a138e88ce798cb343]]></nonce_str>
<oid><![CDATA[28]]></oid>
<openid><![CDATA[osZaFw2kMFRYzFr1_x_IvfbGOwHQ]]></openid>
<out_trade_no><![CDATA[1903291139286577034]]></out_trade_no>
<result_code><![CDATA[SUCCESS]]></result_code>
<return_code><![CDATA[SUCCESS]]></return_code>
<sign><![CDATA[D7FE273CE4F5F15CE60E466AA87F0C10]]></sign>
<time_end><![CDATA[20190329114020]]></time_end>
<total_fee>1</total_fee>
<trade_type><![CDATA[NATIVE]]></trade_type>
<transaction_id><![CDATA[4200000294201903290190789199]]></transaction_id>
</xml>
<<<<<<<2019-03-29 11:40:52
<xml><appid><![CDATA[wxd5af665b240b75d4]]></appid>
<bank_type><![CDATA[CFT]]></bank_type>
<cash_fee><![CDATA[1]]></cash_fee>
<fee_type><![CDATA[CNY]]></fee_type>
<is_subscribe><![CDATA[N]]></is_subscribe>
<mch_id><![CDATA[1500086022]]></mch_id>
<nonce_str><![CDATA[12911cf98647730a138e88ce798cb343]]></nonce_str>
<oid><![CDATA[28]]></oid>
<openid><![CDATA[osZaFw2kMFRYzFr1_x_IvfbGOwHQ]]></openid>
<out_trade_no><![CDATA[1903291139286577034]]></out_trade_no>
<result_code><![CDATA[SUCCESS]]></result_code>
<return_code><![CDATA[SUCCESS]]></return_code>
<sign><![CDATA[D7FE273CE4F5F15CE60E466AA87F0C10]]></sign>
<time_end><![CDATA[20190329114020]]></time_end>
<total_fee>1</total_fee>
<trade_type><![CDATA[NATIVE]]></trade_type>
<transaction_id><![CDATA[4200000294201903290190789199]]></transaction_id>
</xml>
<<<<<<<2019-03-29 11:41:22
<xml><appid><![CDATA[wxd5af665b240b75d4]]></appid>
<bank_type><![CDATA[CFT]]></bank_type>
<cash_fee><![CDATA[1]]></cash_fee>
<fee_type><![CDATA[CNY]]></fee_type>
<is_subscribe><![CDATA[N]]></is_subscribe>
<mch_id><![CDATA[1500086022]]></mch_id>
<nonce_str><![CDATA[12911cf98647730a138e88ce798cb343]]></nonce_str>
<oid><![CDATA[28]]></oid>
<openid><![CDATA[osZaFw2kMFRYzFr1_x_IvfbGOwHQ]]></openid>
<out_trade_no><![CDATA[1903291139286577034]]></out_trade_no>
<result_code><![CDATA[SUCCESS]]></result_code>
<return_code><![CDATA[SUCCESS]]></return_code>
<sign><![CDATA[D7FE273CE4F5F15CE60E466AA87F0C10]]></sign>
<time_end><![CDATA[20190329114020]]></time_end>
<total_fee>1</total_fee>
<trade_type><![CDATA[NATIVE]]></trade_type>
<transaction_id><![CDATA[4200000294201903290190789199]]></transaction_id>
</xml>
<<<<<<<2019-03-29 11:44:23
<xml><appid><![CDATA[wxd5af665b240b75d4]]></appid>
<bank_type><![CDATA[CFT]]></bank_type>
<cash_fee><![CDATA[1]]></cash_fee>
<fee_type><![CDATA[CNY]]></fee_type>
<is_subscribe><![CDATA[N]]></is_subscribe>
<mch_id><![CDATA[1500086022]]></mch_id>
<nonce_str><![CDATA[12911cf98647730a138e88ce798cb343]]></nonce_str>
<oid><![CDATA[28]]></oid>
<openid><![CDATA[osZaFw2kMFRYzFr1_x_IvfbGOwHQ]]></openid>
<out_trade_no><![CDATA[1903291139286577034]]></out_trade_no>
<result_code><![CDATA[SUCCESS]]></result_code>
<return_code><![CDATA[SUCCESS]]></return_code>
<sign><![CDATA[D7FE273CE4F5F15CE60E466AA87F0C10]]></sign>
<time_end><![CDATA[20190329114020]]></time_end>
<total_fee>1</total_fee>
<trade_type><![CDATA[NATIVE]]></trade_type>
<transaction_id><![CDATA[4200000294201903290190789199]]></transaction_id>
</xml>
<<<<<<<2019-03-29 11:49:05
<xml><appid><![CDATA[wxd5af665b240b75d4]]></appid>
<bank_type><![CDATA[CFT]]></bank_type>
<cash_fee><![CDATA[1]]></cash_fee>
<fee_type><![CDATA[CNY]]></fee_type>
<is_subscribe><![CDATA[N]]></is_subscribe>
<mch_id><![CDATA[1500086022]]></mch_id>
<nonce_str><![CDATA[147892b023fd01693b4a6b2474eba15a]]></nonce_str>
<oid><![CDATA[29]]></oid>
<openid><![CDATA[osZaFw2kMFRYzFr1_x_IvfbGOwHQ]]></openid>
<out_trade_no><![CDATA[1903291148738423169]]></out_trade_no>
<result_code><![CDATA[SUCCESS]]></result_code>
<return_code><![CDATA[SUCCESS]]></return_code>
<sign><![CDATA[F22763947A139B9D83D497A06F6ACB64]]></sign>
<time_end><![CDATA[20190329114904]]></time_end>
<total_fee>1</total_fee>
<trade_type><![CDATA[NATIVE]]></trade_type>
<transaction_id><![CDATA[4200000292201903291224554004]]></transaction_id>
</xml>
<<<<<<<2019-03-29 11:49:21
<xml><appid><![CDATA[wxd5af665b240b75d4]]></appid>
<bank_type><![CDATA[CFT]]></bank_type>
<cash_fee><![CDATA[1]]></cash_fee>
<fee_type><![CDATA[CNY]]></fee_type>
<is_subscribe><![CDATA[N]]></is_subscribe>
<mch_id><![CDATA[1500086022]]></mch_id>
<nonce_str><![CDATA[147892b023fd01693b4a6b2474eba15a]]></nonce_str>
<oid><![CDATA[29]]></oid>
<openid><![CDATA[osZaFw2kMFRYzFr1_x_IvfbGOwHQ]]></openid>
<out_trade_no><![CDATA[1903291148738423169]]></out_trade_no>
<result_code><![CDATA[SUCCESS]]></result_code>
<return_code><![CDATA[SUCCESS]]></return_code>
<sign><![CDATA[F22763947A139B9D83D497A06F6ACB64]]></sign>
<time_end><![CDATA[20190329114904]]></time_end>
<total_fee>1</total_fee>
<trade_type><![CDATA[NATIVE]]></trade_type>
<transaction_id><![CDATA[4200000292201903291224554004]]></transaction_id>
</xml>
<<<<<<<2019-03-29 11:49:37
<xml><appid><![CDATA[wxd5af665b240b75d4]]></appid>
<bank_type><![CDATA[CFT]]></bank_type>
<cash_fee><![CDATA[1]]></cash_fee>
<fee_type><![CDATA[CNY]]></fee_type>
<is_subscribe><![CDATA[N]]></is_subscribe>
<mch_id><![CDATA[1500086022]]></mch_id>
<nonce_str><![CDATA[147892b023fd01693b4a6b2474eba15a]]></nonce_str>
<oid><![CDATA[29]]></oid>
<openid><![CDATA[osZaFw2kMFRYzFr1_x_IvfbGOwHQ]]></openid>
<out_trade_no><![CDATA[1903291148738423169]]></out_trade_no>
<result_code><![CDATA[SUCCESS]]></result_code>
<return_code><![CDATA[SUCCESS]]></return_code>
<sign><![CDATA[F22763947A139B9D83D497A06F6ACB64]]></sign>
<time_end><![CDATA[20190329114904]]></time_end>
<total_fee>1</total_fee>
<trade_type><![CDATA[NATIVE]]></trade_type>
<transaction_id><![CDATA[4200000292201903291224554004]]></transaction_id>
</xml>
<<<<<<<2019-03-29 11:50:08
<xml><appid><![CDATA[wxd5af665b240b75d4]]></appid>
<bank_type><![CDATA[CFT]]></bank_type>
<cash_fee><![CDATA[1]]></cash_fee>
<fee_type><![CDATA[CNY]]></fee_type>
<is_subscribe><![CDATA[N]]></is_subscribe>
<mch_id><![CDATA[1500086022]]></mch_id>
<nonce_str><![CDATA[147892b023fd01693b4a6b2474eba15a]]></nonce_str>
<oid><![CDATA[29]]></oid>
<openid><![CDATA[osZaFw2kMFRYzFr1_x_IvfbGOwHQ]]></openid>
<out_trade_no><![CDATA[1903291148738423169]]></out_trade_no>
<result_code><![CDATA[SUCCESS]]></result_code>
<return_code><![CDATA[SUCCESS]]></return_code>
<sign><![CDATA[F22763947A139B9D83D497A06F6ACB64]]></sign>
<time_end><![CDATA[20190329114904]]></time_end>
<total_fee>1</total_fee>
<trade_type><![CDATA[NATIVE]]></trade_type>
<transaction_id><![CDATA[4200000292201903291224554004]]></transaction_id>
</xml>
<<<<<<<2019-03-29 11:53:09
<xml><appid><![CDATA[wxd5af665b240b75d4]]></appid>
<bank_type><![CDATA[CFT]]></bank_type>
<cash_fee><![CDATA[1]]></cash_fee>
<fee_type><![CDATA[CNY]]></fee_type>
<is_subscribe><![CDATA[N]]></is_subscribe>
<mch_id><![CDATA[1500086022]]></mch_id>
<nonce_str><![CDATA[147892b023fd01693b4a6b2474eba15a]]></nonce_str>
<oid><![CDATA[29]]></oid>
<openid><![CDATA[osZaFw2kMFRYzFr1_x_IvfbGOwHQ]]></openid>
<out_trade_no><![CDATA[1903291148738423169]]></out_trade_no>
<result_code><![CDATA[SUCCESS]]></result_code>
<return_code><![CDATA[SUCCESS]]></return_code>
<sign><![CDATA[F22763947A139B9D83D497A06F6ACB64]]></sign>
<time_end><![CDATA[20190329114904]]></time_end>
<total_fee>1</total_fee>
<trade_type><![CDATA[NATIVE]]></trade_type>
<transaction_id><![CDATA[4200000292201903291224554004]]></transaction_id>
</xml>
<<<<<<<2019-03-29 11:53:10
<xml><appid><![CDATA[wxd5af665b240b75d4]]></appid>
<bank_type><![CDATA[CFT]]></bank_type>
<cash_fee><![CDATA[1]]></cash_fee>
<fee_type><![CDATA[CNY]]></fee_type>
<is_subscribe><![CDATA[N]]></is_subscribe>
<mch_id><![CDATA[1500086022]]></mch_id>
<nonce_str><![CDATA[b03495d549c2e1ae56109fbe9082e273]]></nonce_str>
<oid><![CDATA[30]]></oid>
<openid><![CDATA[osZaFw2kMFRYzFr1_x_IvfbGOwHQ]]></openid>
<out_trade_no><![CDATA[1903291152648247640]]></out_trade_no>
<result_code><![CDATA[SUCCESS]]></result_code>
<return_code><![CDATA[SUCCESS]]></return_code>
<sign><![CDATA[44EF64500AF49FFE73385A753244EA5B]]></sign>
<time_end><![CDATA[20190329115309]]></time_end>
<total_fee>1</total_fee>
<trade_type><![CDATA[NATIVE]]></trade_type>
<transaction_id><![CDATA[4200000299201903294996926636]]></transaction_id>
</xml>
<<<<<<<2019-03-29 11:53:26
<xml><appid><![CDATA[wxd5af665b240b75d4]]></appid>
<bank_type><![CDATA[CFT]]></bank_type>
<cash_fee><![CDATA[1]]></cash_fee>
<fee_type><![CDATA[CNY]]></fee_type>
<is_subscribe><![CDATA[N]]></is_subscribe>
<mch_id><![CDATA[1500086022]]></mch_id>
<nonce_str><![CDATA[b03495d549c2e1ae56109fbe9082e273]]></nonce_str>
<oid><![CDATA[30]]></oid>
<openid><![CDATA[osZaFw2kMFRYzFr1_x_IvfbGOwHQ]]></openid>
<out_trade_no><![CDATA[1903291152648247640]]></out_trade_no>
<result_code><![CDATA[SUCCESS]]></result_code>
<return_code><![CDATA[SUCCESS]]></return_code>
<sign><![CDATA[44EF64500AF49FFE73385A753244EA5B]]></sign>
<time_end><![CDATA[20190329115309]]></time_end>
<total_fee>1</total_fee>
<trade_type><![CDATA[NATIVE]]></trade_type>
<transaction_id><![CDATA[4200000299201903294996926636]]></transaction_id>
</xml>
<<<<<<<2019-03-29 11:53:41
<xml><appid><![CDATA[wxd5af665b240b75d4]]></appid>
<bank_type><![CDATA[CFT]]></bank_type>
<cash_fee><![CDATA[1]]></cash_fee>
<fee_type><![CDATA[CNY]]></fee_type>
<is_subscribe><![CDATA[N]]></is_subscribe>
<mch_id><![CDATA[1500086022]]></mch_id>
<nonce_str><![CDATA[b03495d549c2e1ae56109fbe9082e273]]></nonce_str>
<oid><![CDATA[30]]></oid>
<openid><![CDATA[osZaFw2kMFRYzFr1_x_IvfbGOwHQ]]></openid>
<out_trade_no><![CDATA[1903291152648247640]]></out_trade_no>
<result_code><![CDATA[SUCCESS]]></result_code>
<return_code><![CDATA[SUCCESS]]></return_code>
<sign><![CDATA[44EF64500AF49FFE73385A753244EA5B]]></sign>
<time_end><![CDATA[20190329115309]]></time_end>
<total_fee>1</total_fee>
<trade_type><![CDATA[NATIVE]]></trade_type>
<transaction_id><![CDATA[4200000299201903294996926636]]></transaction_id>
</xml>
<<<<<<<2019-03-29 11:54:12
<xml><appid><![CDATA[wxd5af665b240b75d4]]></appid>
<bank_type><![CDATA[CFT]]></bank_type>
<cash_fee><![CDATA[1]]></cash_fee>
<fee_type><![CDATA[CNY]]></fee_type>
<is_subscribe><![CDATA[N]]></is_subscribe>
<mch_id><![CDATA[1500086022]]></mch_id>
<nonce_str><![CDATA[b03495d549c2e1ae56109fbe9082e273]]></nonce_str>
<oid><![CDATA[30]]></oid>
<openid><![CDATA[osZaFw2kMFRYzFr1_x_IvfbGOwHQ]]></openid>
<out_trade_no><![CDATA[1903291152648247640]]></out_trade_no>
<result_code><![CDATA[SUCCESS]]></result_code>
<return_code><![CDATA[SUCCESS]]></return_code>
<sign><![CDATA[44EF64500AF49FFE73385A753244EA5B]]></sign>
<time_end><![CDATA[20190329115309]]></time_end>
<total_fee>1</total_fee>
<trade_type><![CDATA[NATIVE]]></trade_type>
<transaction_id><![CDATA[4200000299201903294996926636]]></transaction_id>
</xml>
<<<<<<<2019-03-29 11:57:12
<xml><appid><![CDATA[wxd5af665b240b75d4]]></appid>
<bank_type><![CDATA[CFT]]></bank_type>
<cash_fee><![CDATA[1]]></cash_fee>
<fee_type><![CDATA[CNY]]></fee_type>
<is_subscribe><![CDATA[N]]></is_subscribe>
<mch_id><![CDATA[1500086022]]></mch_id>
<nonce_str><![CDATA[b03495d549c2e1ae56109fbe9082e273]]></nonce_str>
<oid><![CDATA[30]]></oid>
<openid><![CDATA[osZaFw2kMFRYzFr1_x_IvfbGOwHQ]]></openid>
<out_trade_no><![CDATA[1903291152648247640]]></out_trade_no>
<result_code><![CDATA[SUCCESS]]></result_code>
<return_code><![CDATA[SUCCESS]]></return_code>
<sign><![CDATA[44EF64500AF49FFE73385A753244EA5B]]></sign>
<time_end><![CDATA[20190329115309]]></time_end>
<total_fee>1</total_fee>
<trade_type><![CDATA[NATIVE]]></trade_type>
<transaction_id><![CDATA[4200000299201903294996926636]]></transaction_id>
</xml>
<<<<<<<2019-03-29 12:14:23
<xml><appid><![CDATA[wxd5af665b240b75d4]]></appid>
<bank_type><![CDATA[CFT]]></bank_type>
<cash_fee><![CDATA[1]]></cash_fee>
<fee_type><![CDATA[CNY]]></fee_type>
<is_subscribe><![CDATA[N]]></is_subscribe>
<mch_id><![CDATA[1500086022]]></mch_id>
<nonce_str><![CDATA[12911cf98647730a138e88ce798cb343]]></nonce_str>
<oid><![CDATA[28]]></oid>
<openid><![CDATA[osZaFw2kMFRYzFr1_x_IvfbGOwHQ]]></openid>
<out_trade_no><![CDATA[1903291139286577034]]></out_trade_no>
<result_code><![CDATA[SUCCESS]]></result_code>
<return_code><![CDATA[SUCCESS]]></return_code>
<sign><![CDATA[D7FE273CE4F5F15CE60E466AA87F0C10]]></sign>
<time_end><![CDATA[20190329114020]]></time_end>
<total_fee>1</total_fee>
<trade_type><![CDATA[NATIVE]]></trade_type>
<transaction_id><![CDATA[4200000294201903290190789199]]></transaction_id>
</xml>
<<<<<<<2019-03-29 12:23:11
<xml><appid><![CDATA[wxd5af665b240b75d4]]></appid>
<bank_type><![CDATA[CFT]]></bank_type>
<cash_fee><![CDATA[1]]></cash_fee>
<fee_type><![CDATA[CNY]]></fee_type>
<is_subscribe><![CDATA[N]]></is_subscribe>
<mch_id><![CDATA[1500086022]]></mch_id>
<nonce_str><![CDATA[147892b023fd01693b4a6b2474eba15a]]></nonce_str>
<oid><![CDATA[29]]></oid>
<openid><![CDATA[osZaFw2kMFRYzFr1_x_IvfbGOwHQ]]></openid>
<out_trade_no><![CDATA[1903291148738423169]]></out_trade_no>
<result_code><![CDATA[SUCCESS]]></result_code>
<return_code><![CDATA[SUCCESS]]></return_code>
<sign><![CDATA[F22763947A139B9D83D497A06F6ACB64]]></sign>
<time_end><![CDATA[20190329114904]]></time_end>
<total_fee>1</total_fee>
<trade_type><![CDATA[NATIVE]]></trade_type>
<transaction_id><![CDATA[4200000292201903291224554004]]></transaction_id>
</xml>
<<<<<<<2019-03-29 12:27:13
<xml><appid><![CDATA[wxd5af665b240b75d4]]></appid>
<bank_type><![CDATA[CFT]]></bank_type>
<cash_fee><![CDATA[1]]></cash_fee>
<fee_type><![CDATA[CNY]]></fee_type>
<is_subscribe><![CDATA[N]]></is_subscribe>
<mch_id><![CDATA[1500086022]]></mch_id>
<nonce_str><![CDATA[b03495d549c2e1ae56109fbe9082e273]]></nonce_str>
<oid><![CDATA[30]]></oid>
<openid><![CDATA[osZaFw2kMFRYzFr1_x_IvfbGOwHQ]]></openid>
<out_trade_no><![CDATA[1903291152648247640]]></out_trade_no>
<result_code><![CDATA[SUCCESS]]></result_code>
<return_code><![CDATA[SUCCESS]]></return_code>
<sign><![CDATA[44EF64500AF49FFE73385A753244EA5B]]></sign>
<time_end><![CDATA[20190329115309]]></time_end>
<total_fee>1</total_fee>
<trade_type><![CDATA[NATIVE]]></trade_type>
<transaction_id><![CDATA[4200000299201903294996926636]]></transaction_id>
</xml>
<<<<<<<2019-03-29 12:44:24
<xml><appid><![CDATA[wxd5af665b240b75d4]]></appid>
<bank_type><![CDATA[CFT]]></bank_type>
<cash_fee><![CDATA[1]]></cash_fee>
<fee_type><![CDATA[CNY]]></fee_type>
<is_subscribe><![CDATA[N]]></is_subscribe>
<mch_id><![CDATA[1500086022]]></mch_id>
<nonce_str><![CDATA[12911cf98647730a138e88ce798cb343]]></nonce_str>
<oid><![CDATA[28]]></oid>
<openid><![CDATA[osZaFw2kMFRYzFr1_x_IvfbGOwHQ]]></openid>
<out_trade_no><![CDATA[1903291139286577034]]></out_trade_no>
<result_code><![CDATA[SUCCESS]]></result_code>
<return_code><![CDATA[SUCCESS]]></return_code>
<sign><![CDATA[D7FE273CE4F5F15CE60E466AA87F0C10]]></sign>
<time_end><![CDATA[20190329114020]]></time_end>
<total_fee>1</total_fee>
<trade_type><![CDATA[NATIVE]]></trade_type>
<transaction_id><![CDATA[4200000294201903290190789199]]></transaction_id>
</xml>
<<<<<<<2019-03-29 12:53:12
<xml><appid><![CDATA[wxd5af665b240b75d4]]></appid>
<bank_type><![CDATA[CFT]]></bank_type>
<cash_fee><![CDATA[1]]></cash_fee>
<fee_type><![CDATA[CNY]]></fee_type>
<is_subscribe><![CDATA[N]]></is_subscribe>
<mch_id><![CDATA[1500086022]]></mch_id>
<nonce_str><![CDATA[147892b023fd01693b4a6b2474eba15a]]></nonce_str>
<oid><![CDATA[29]]></oid>
<openid><![CDATA[osZaFw2kMFRYzFr1_x_IvfbGOwHQ]]></openid>
<out_trade_no><![CDATA[1903291148738423169]]></out_trade_no>
<result_code><![CDATA[SUCCESS]]></result_code>
<return_code><![CDATA[SUCCESS]]></return_code>
<sign><![CDATA[F22763947A139B9D83D497A06F6ACB64]]></sign>
<time_end><![CDATA[20190329114904]]></time_end>
<total_fee>1</total_fee>
<trade_type><![CDATA[NATIVE]]></trade_type>
<transaction_id><![CDATA[4200000292201903291224554004]]></transaction_id>
</xml>
<<<<<<<2019-03-29 12:57:14
<xml><appid><![CDATA[wxd5af665b240b75d4]]></appid>
<bank_type><![CDATA[CFT]]></bank_type>
<cash_fee><![CDATA[1]]></cash_fee>
<fee_type><![CDATA[CNY]]></fee_type>
<is_subscribe><![CDATA[N]]></is_subscribe>
<mch_id><![CDATA[1500086022]]></mch_id>
<nonce_str><![CDATA[b03495d549c2e1ae56109fbe9082e273]]></nonce_str>
<oid><![CDATA[30]]></oid>
<openid><![CDATA[osZaFw2kMFRYzFr1_x_IvfbGOwHQ]]></openid>
<out_trade_no><![CDATA[1903291152648247640]]></out_trade_no>
<result_code><![CDATA[SUCCESS]]></result_code>
<return_code><![CDATA[SUCCESS]]></return_code>
<sign><![CDATA[44EF64500AF49FFE73385A753244EA5B]]></sign>
<time_end><![CDATA[20190329115309]]></time_end>
<total_fee>1</total_fee>
<trade_type><![CDATA[NATIVE]]></trade_type>
<transaction_id><![CDATA[4200000299201903294996926636]]></transaction_id>
</xml>
<<<<<<<2019-03-29 13:14:25
<xml><appid><![CDATA[wxd5af665b240b75d4]]></appid>
<bank_type><![CDATA[CFT]]></bank_type>
<cash_fee><![CDATA[1]]></cash_fee>
<fee_type><![CDATA[CNY]]></fee_type>
<is_subscribe><![CDATA[N]]></is_subscribe>
<mch_id><![CDATA[1500086022]]></mch_id>
<nonce_str><![CDATA[12911cf98647730a138e88ce798cb343]]></nonce_str>
<oid><![CDATA[28]]></oid>
<openid><![CDATA[osZaFw2kMFRYzFr1_x_IvfbGOwHQ]]></openid>
<out_trade_no><![CDATA[1903291139286577034]]></out_trade_no>
<result_code><![CDATA[SUCCESS]]></result_code>
<return_code><![CDATA[SUCCESS]]></return_code>
<sign><![CDATA[D7FE273CE4F5F15CE60E466AA87F0C10]]></sign>
<time_end><![CDATA[20190329114020]]></time_end>
<total_fee>1</total_fee>
<trade_type><![CDATA[NATIVE]]></trade_type>
<transaction_id><![CDATA[4200000294201903290190789199]]></transaction_id>
</xml>
<<<<<<<2019-03-29 13:23:13
<xml><appid><![CDATA[wxd5af665b240b75d4]]></appid>
<bank_type><![CDATA[CFT]]></bank_type>
<cash_fee><![CDATA[1]]></cash_fee>
<fee_type><![CDATA[CNY]]></fee_type>
<is_subscribe><![CDATA[N]]></is_subscribe>
<mch_id><![CDATA[1500086022]]></mch_id>
<nonce_str><![CDATA[147892b023fd01693b4a6b2474eba15a]]></nonce_str>
<oid><![CDATA[29]]></oid>
<openid><![CDATA[osZaFw2kMFRYzFr1_x_IvfbGOwHQ]]></openid>
<out_trade_no><![CDATA[1903291148738423169]]></out_trade_no>
<result_code><![CDATA[SUCCESS]]></result_code>
<return_code><![CDATA[SUCCESS]]></return_code>
<sign><![CDATA[F22763947A139B9D83D497A06F6ACB64]]></sign>
<time_end><![CDATA[20190329114904]]></time_end>
<total_fee>1</total_fee>
<trade_type><![CDATA[NATIVE]]></trade_type>
<transaction_id><![CDATA[4200000292201903291224554004]]></transaction_id>
</xml>
<<<<<<<2019-03-29 13:27:16
<xml><appid><![CDATA[wxd5af665b240b75d4]]></appid>
<bank_type><![CDATA[CFT]]></bank_type>
<cash_fee><![CDATA[1]]></cash_fee>
<fee_type><![CDATA[CNY]]></fee_type>
<is_subscribe><![CDATA[N]]></is_subscribe>
<mch_id><![CDATA[1500086022]]></mch_id>
<nonce_str><![CDATA[b03495d549c2e1ae56109fbe9082e273]]></nonce_str>
<oid><![CDATA[30]]></oid>
<openid><![CDATA[osZaFw2kMFRYzFr1_x_IvfbGOwHQ]]></openid>
<out_trade_no><![CDATA[1903291152648247640]]></out_trade_no>
<result_code><![CDATA[SUCCESS]]></result_code>
<return_code><![CDATA[SUCCESS]]></return_code>
<sign><![CDATA[44EF64500AF49FFE73385A753244EA5B]]></sign>
<time_end><![CDATA[20190329115309]]></time_end>
<total_fee>1</total_fee>
<trade_type><![CDATA[NATIVE]]></trade_type>
<transaction_id><![CDATA[4200000299201903294996926636]]></transaction_id>
</xml>
<<<<<<<2019-03-29 13:44:27
<xml><appid><![CDATA[wxd5af665b240b75d4]]></appid>
<bank_type><![CDATA[CFT]]></bank_type>
<cash_fee><![CDATA[1]]></cash_fee>
<fee_type><![CDATA[CNY]]></fee_type>
<is_subscribe><![CDATA[N]]></is_subscribe>
<mch_id><![CDATA[1500086022]]></mch_id>
<nonce_str><![CDATA[12911cf98647730a138e88ce798cb343]]></nonce_str>
<oid><![CDATA[28]]></oid>
<openid><![CDATA[osZaFw2kMFRYzFr1_x_IvfbGOwHQ]]></openid>
<out_trade_no><![CDATA[1903291139286577034]]></out_trade_no>
<result_code><![CDATA[SUCCESS]]></result_code>
<return_code><![CDATA[SUCCESS]]></return_code>
<sign><![CDATA[D7FE273CE4F5F15CE60E466AA87F0C10]]></sign>
<time_end><![CDATA[20190329114020]]></time_end>
<total_fee>1</total_fee>
<trade_type><![CDATA[NATIVE]]></trade_type>
<transaction_id><![CDATA[4200000294201903290190789199]]></transaction_id>
</xml>
<<<<<<<2019-03-29 13:49:30
<xml><appid><![CDATA[wxd5af665b240b75d4]]></appid>
<bank_type><![CDATA[CFT]]></bank_type>
<cash_fee><![CDATA[1]]></cash_fee>
<fee_type><![CDATA[CNY]]></fee_type>
<is_subscribe><![CDATA[N]]></is_subscribe>
<mch_id><![CDATA[1500086022]]></mch_id>
<nonce_str><![CDATA[0d11112fe5a418fe3a701443c82c005c]]></nonce_str>
<oid><![CDATA[31]]></oid>
<openid><![CDATA[osZaFw2kMFRYzFr1_x_IvfbGOwHQ]]></openid>
<out_trade_no><![CDATA[1903291348560787196]]></out_trade_no>
<result_code><![CDATA[SUCCESS]]></result_code>
<return_code><![CDATA[SUCCESS]]></return_code>
<sign><![CDATA[9239165241C6AC248B887C4B25B8BAC3]]></sign>
<time_end><![CDATA[20190329134929]]></time_end>
<total_fee>1</total_fee>
<trade_type><![CDATA[NATIVE]]></trade_type>
<transaction_id><![CDATA[4200000300201903293150515854]]></transaction_id>
</xml>
<<<<<<<2019-03-29 13:49:46
<xml><appid><![CDATA[wxd5af665b240b75d4]]></appid>
<bank_type><![CDATA[CFT]]></bank_type>
<cash_fee><![CDATA[1]]></cash_fee>
<fee_type><![CDATA[CNY]]></fee_type>
<is_subscribe><![CDATA[N]]></is_subscribe>
<mch_id><![CDATA[1500086022]]></mch_id>
<nonce_str><![CDATA[0d11112fe5a418fe3a701443c82c005c]]></nonce_str>
<oid><![CDATA[31]]></oid>
<openid><![CDATA[osZaFw2kMFRYzFr1_x_IvfbGOwHQ]]></openid>
<out_trade_no><![CDATA[1903291348560787196]]></out_trade_no>
<result_code><![CDATA[SUCCESS]]></result_code>
<return_code><![CDATA[SUCCESS]]></return_code>
<sign><![CDATA[9239165241C6AC248B887C4B25B8BAC3]]></sign>
<time_end><![CDATA[20190329134929]]></time_end>
<total_fee>1</total_fee>
<trade_type><![CDATA[NATIVE]]></trade_type>
<transaction_id><![CDATA[4200000300201903293150515854]]></transaction_id>
</xml>
<<<<<<<2019-03-29 13:50:03
<xml><appid><![CDATA[wxd5af665b240b75d4]]></appid>
<bank_type><![CDATA[CFT]]></bank_type>
<cash_fee><![CDATA[1]]></cash_fee>
<fee_type><![CDATA[CNY]]></fee_type>
<is_subscribe><![CDATA[N]]></is_subscribe>
<mch_id><![CDATA[1500086022]]></mch_id>
<nonce_str><![CDATA[0d11112fe5a418fe3a701443c82c005c]]></nonce_str>
<oid><![CDATA[31]]></oid>
<openid><![CDATA[osZaFw2kMFRYzFr1_x_IvfbGOwHQ]]></openid>
<out_trade_no><![CDATA[1903291348560787196]]></out_trade_no>
<result_code><![CDATA[SUCCESS]]></result_code>
<return_code><![CDATA[SUCCESS]]></return_code>
<sign><![CDATA[9239165241C6AC248B887C4B25B8BAC3]]></sign>
<time_end><![CDATA[20190329134929]]></time_end>
<total_fee>1</total_fee>
<trade_type><![CDATA[NATIVE]]></trade_type>
<transaction_id><![CDATA[4200000300201903293150515854]]></transaction_id>
</xml>
<<<<<<<2019-03-29 13:50:23
<xml><appid><![CDATA[wxd5af665b240b75d4]]></appid>
<bank_type><![CDATA[CFT]]></bank_type>
<cash_fee><![CDATA[1]]></cash_fee>
<fee_type><![CDATA[CNY]]></fee_type>
<is_subscribe><![CDATA[N]]></is_subscribe>
<mch_id><![CDATA[1500086022]]></mch_id>
<nonce_str><![CDATA[a00b5a22f5cd743d119d29d35c01a59d]]></nonce_str>
<oid><![CDATA[32]]></oid>
<openid><![CDATA[osZaFw2kMFRYzFr1_x_IvfbGOwHQ]]></openid>
<out_trade_no><![CDATA[1903291350287763727]]></out_trade_no>
<result_code><![CDATA[SUCCESS]]></result_code>
<return_code><![CDATA[SUCCESS]]></return_code>
<sign><![CDATA[B9A4AD5731200E02761F49ED88CDB70E]]></sign>
<time_end><![CDATA[20190329135022]]></time_end>
<total_fee>1</total_fee>
<trade_type><![CDATA[NATIVE]]></trade_type>
<transaction_id><![CDATA[4200000304201903295304048469]]></transaction_id>
</xml>
<<<<<<<2019-03-29 13:50:34
<xml><appid><![CDATA[wxd5af665b240b75d4]]></appid>
<bank_type><![CDATA[CFT]]></bank_type>
<cash_fee><![CDATA[1]]></cash_fee>
<fee_type><![CDATA[CNY]]></fee_type>
<is_subscribe><![CDATA[N]]></is_subscribe>
<mch_id><![CDATA[1500086022]]></mch_id>
<nonce_str><![CDATA[0d11112fe5a418fe3a701443c82c005c]]></nonce_str>
<oid><![CDATA[31]]></oid>
<openid><![CDATA[osZaFw2kMFRYzFr1_x_IvfbGOwHQ]]></openid>
<out_trade_no><![CDATA[1903291348560787196]]></out_trade_no>
<result_code><![CDATA[SUCCESS]]></result_code>
<return_code><![CDATA[SUCCESS]]></return_code>
<sign><![CDATA[9239165241C6AC248B887C4B25B8BAC3]]></sign>
<time_end><![CDATA[20190329134929]]></time_end>
<total_fee>1</total_fee>
<trade_type><![CDATA[NATIVE]]></trade_type>
<transaction_id><![CDATA[4200000300201903293150515854]]></transaction_id>
</xml>
<<<<<<<2019-03-29 13:50:40
<xml><appid><![CDATA[wxd5af665b240b75d4]]></appid>
<bank_type><![CDATA[CFT]]></bank_type>
<cash_fee><![CDATA[1]]></cash_fee>
<fee_type><![CDATA[CNY]]></fee_type>
<is_subscribe><![CDATA[N]]></is_subscribe>
<mch_id><![CDATA[1500086022]]></mch_id>
<nonce_str><![CDATA[a00b5a22f5cd743d119d29d35c01a59d]]></nonce_str>
<oid><![CDATA[32]]></oid>
<openid><![CDATA[osZaFw2kMFRYzFr1_x_IvfbGOwHQ]]></openid>
<out_trade_no><![CDATA[1903291350287763727]]></out_trade_no>
<result_code><![CDATA[SUCCESS]]></result_code>
<return_code><![CDATA[SUCCESS]]></return_code>
<sign><![CDATA[B9A4AD5731200E02761F49ED88CDB70E]]></sign>
<time_end><![CDATA[20190329135022]]></time_end>
<total_fee>1</total_fee>
<trade_type><![CDATA[NATIVE]]></trade_type>
<transaction_id><![CDATA[4200000304201903295304048469]]></transaction_id>
</xml>
<<<<<<<2019-03-29 13:50:55
<xml><appid><![CDATA[wxd5af665b240b75d4]]></appid>
<bank_type><![CDATA[CFT]]></bank_type>
<cash_fee><![CDATA[1]]></cash_fee>
<fee_type><![CDATA[CNY]]></fee_type>
<is_subscribe><![CDATA[N]]></is_subscribe>
<mch_id><![CDATA[1500086022]]></mch_id>
<nonce_str><![CDATA[a00b5a22f5cd743d119d29d35c01a59d]]></nonce_str>
<oid><![CDATA[32]]></oid>
<openid><![CDATA[osZaFw2kMFRYzFr1_x_IvfbGOwHQ]]></openid>
<out_trade_no><![CDATA[1903291350287763727]]></out_trade_no>
<result_code><![CDATA[SUCCESS]]></result_code>
<return_code><![CDATA[SUCCESS]]></return_code>
<sign><![CDATA[B9A4AD5731200E02761F49ED88CDB70E]]></sign>
<time_end><![CDATA[20190329135022]]></time_end>
<total_fee>1</total_fee>
<trade_type><![CDATA[NATIVE]]></trade_type>
<transaction_id><![CDATA[4200000304201903295304048469]]></transaction_id>
</xml>
<<<<<<<2019-03-29 13:51:26
<xml><appid><![CDATA[wxd5af665b240b75d4]]></appid>
<bank_type><![CDATA[CFT]]></bank_type>
<cash_fee><![CDATA[1]]></cash_fee>
<fee_type><![CDATA[CNY]]></fee_type>
<is_subscribe><![CDATA[N]]></is_subscribe>
<mch_id><![CDATA[1500086022]]></mch_id>
<nonce_str><![CDATA[a00b5a22f5cd743d119d29d35c01a59d]]></nonce_str>
<oid><![CDATA[32]]></oid>
<openid><![CDATA[osZaFw2kMFRYzFr1_x_IvfbGOwHQ]]></openid>
<out_trade_no><![CDATA[1903291350287763727]]></out_trade_no>
<result_code><![CDATA[SUCCESS]]></result_code>
<return_code><![CDATA[SUCCESS]]></return_code>
<sign><![CDATA[B9A4AD5731200E02761F49ED88CDB70E]]></sign>
<time_end><![CDATA[20190329135022]]></time_end>
<total_fee>1</total_fee>
<trade_type><![CDATA[NATIVE]]></trade_type>
<transaction_id><![CDATA[4200000304201903295304048469]]></transaction_id>
</xml>
<<<<<<<2019-03-29 13:53:14
<xml><appid><![CDATA[wxd5af665b240b75d4]]></appid>
<bank_type><![CDATA[CFT]]></bank_type>
<cash_fee><![CDATA[1]]></cash_fee>
<fee_type><![CDATA[CNY]]></fee_type>
<is_subscribe><![CDATA[N]]></is_subscribe>
<mch_id><![CDATA[1500086022]]></mch_id>
<nonce_str><![CDATA[147892b023fd01693b4a6b2474eba15a]]></nonce_str>
<oid><![CDATA[29]]></oid>
<openid><![CDATA[osZaFw2kMFRYzFr1_x_IvfbGOwHQ]]></openid>
<out_trade_no><![CDATA[1903291148738423169]]></out_trade_no>
<result_code><![CDATA[SUCCESS]]></result_code>
<return_code><![CDATA[SUCCESS]]></return_code>
<sign><![CDATA[F22763947A139B9D83D497A06F6ACB64]]></sign>
<time_end><![CDATA[20190329114904]]></time_end>
<total_fee>1</total_fee>
<trade_type><![CDATA[NATIVE]]></trade_type>
<transaction_id><![CDATA[4200000292201903291224554004]]></transaction_id>
</xml>
<<<<<<<2019-03-29 13:53:35
<xml><appid><![CDATA[wxd5af665b240b75d4]]></appid>
<bank_type><![CDATA[CFT]]></bank_type>
<cash_fee><![CDATA[1]]></cash_fee>
<fee_type><![CDATA[CNY]]></fee_type>
<is_subscribe><![CDATA[N]]></is_subscribe>
<mch_id><![CDATA[1500086022]]></mch_id>
<nonce_str><![CDATA[0d11112fe5a418fe3a701443c82c005c]]></nonce_str>
<oid><![CDATA[31]]></oid>
<openid><![CDATA[osZaFw2kMFRYzFr1_x_IvfbGOwHQ]]></openid>
<out_trade_no><![CDATA[1903291348560787196]]></out_trade_no>
<result_code><![CDATA[SUCCESS]]></result_code>
<return_code><![CDATA[SUCCESS]]></return_code>
<sign><![CDATA[9239165241C6AC248B887C4B25B8BAC3]]></sign>
<time_end><![CDATA[20190329134929]]></time_end>
<total_fee>1</total_fee>
<trade_type><![CDATA[NATIVE]]></trade_type>
<transaction_id><![CDATA[4200000300201903293150515854]]></transaction_id>
</xml>
<<<<<<<2019-03-29 13:54:27
<xml><appid><![CDATA[wxd5af665b240b75d4]]></appid>
<bank_type><![CDATA[CFT]]></bank_type>
<cash_fee><![CDATA[1]]></cash_fee>
<fee_type><![CDATA[CNY]]></fee_type>
<is_subscribe><![CDATA[N]]></is_subscribe>
<mch_id><![CDATA[1500086022]]></mch_id>
<nonce_str><![CDATA[a00b5a22f5cd743d119d29d35c01a59d]]></nonce_str>
<oid><![CDATA[32]]></oid>
<openid><![CDATA[osZaFw2kMFRYzFr1_x_IvfbGOwHQ]]></openid>
<out_trade_no><![CDATA[1903291350287763727]]></out_trade_no>
<result_code><![CDATA[SUCCESS]]></result_code>
<return_code><![CDATA[SUCCESS]]></return_code>
<sign><![CDATA[B9A4AD5731200E02761F49ED88CDB70E]]></sign>
<time_end><![CDATA[20190329135022]]></time_end>
<total_fee>1</total_fee>
<trade_type><![CDATA[NATIVE]]></trade_type>
<transaction_id><![CDATA[4200000304201903295304048469]]></transaction_id>
</xml>
<<<<<<<2019-03-29 13:57:17
<xml><appid><![CDATA[wxd5af665b240b75d4]]></appid>
<bank_type><![CDATA[CFT]]></bank_type>
<cash_fee><![CDATA[1]]></cash_fee>
<fee_type><![CDATA[CNY]]></fee_type>
<is_subscribe><![CDATA[N]]></is_subscribe>
<mch_id><![CDATA[1500086022]]></mch_id>
<nonce_str><![CDATA[b03495d549c2e1ae56109fbe9082e273]]></nonce_str>
<oid><![CDATA[30]]></oid>
<openid><![CDATA[osZaFw2kMFRYzFr1_x_IvfbGOwHQ]]></openid>
<out_trade_no><![CDATA[1903291152648247640]]></out_trade_no>
<result_code><![CDATA[SUCCESS]]></result_code>
<return_code><![CDATA[SUCCESS]]></return_code>
<sign><![CDATA[44EF64500AF49FFE73385A753244EA5B]]></sign>
<time_end><![CDATA[20190329115309]]></time_end>
<total_fee>1</total_fee>
<trade_type><![CDATA[NATIVE]]></trade_type>
<transaction_id><![CDATA[4200000299201903294996926636]]></transaction_id>
</xml>
<<<<<<<2019-03-29 14:23:37
<xml><appid><![CDATA[wxd5af665b240b75d4]]></appid>
<bank_type><![CDATA[CFT]]></bank_type>
<cash_fee><![CDATA[1]]></cash_fee>
<fee_type><![CDATA[CNY]]></fee_type>
<is_subscribe><![CDATA[N]]></is_subscribe>
<mch_id><![CDATA[1500086022]]></mch_id>
<nonce_str><![CDATA[0d11112fe5a418fe3a701443c82c005c]]></nonce_str>
<oid><![CDATA[31]]></oid>
<openid><![CDATA[osZaFw2kMFRYzFr1_x_IvfbGOwHQ]]></openid>
<out_trade_no><![CDATA[1903291348560787196]]></out_trade_no>
<result_code><![CDATA[SUCCESS]]></result_code>
<return_code><![CDATA[SUCCESS]]></return_code>
<sign><![CDATA[9239165241C6AC248B887C4B25B8BAC3]]></sign>
<time_end><![CDATA[20190329134929]]></time_end>
<total_fee>1</total_fee>
<trade_type><![CDATA[NATIVE]]></trade_type>
<transaction_id><![CDATA[4200000300201903293150515854]]></transaction_id>
</xml>
<<<<<<<2019-03-29 14:24:28
<xml><appid><![CDATA[wxd5af665b240b75d4]]></appid>
<bank_type><![CDATA[CFT]]></bank_type>
<cash_fee><![CDATA[1]]></cash_fee>
<fee_type><![CDATA[CNY]]></fee_type>
<is_subscribe><![CDATA[N]]></is_subscribe>
<mch_id><![CDATA[1500086022]]></mch_id>
<nonce_str><![CDATA[a00b5a22f5cd743d119d29d35c01a59d]]></nonce_str>
<oid><![CDATA[32]]></oid>
<openid><![CDATA[osZaFw2kMFRYzFr1_x_IvfbGOwHQ]]></openid>
<out_trade_no><![CDATA[1903291350287763727]]></out_trade_no>
<result_code><![CDATA[SUCCESS]]></result_code>
<return_code><![CDATA[SUCCESS]]></return_code>
<sign><![CDATA[B9A4AD5731200E02761F49ED88CDB70E]]></sign>
<time_end><![CDATA[20190329135022]]></time_end>
<total_fee>1</total_fee>
<trade_type><![CDATA[NATIVE]]></trade_type>
<transaction_id><![CDATA[4200000304201903295304048469]]></transaction_id>
</xml>
<<<<<<<2019-03-29 14:44:28
<xml><appid><![CDATA[wxd5af665b240b75d4]]></appid>
<bank_type><![CDATA[CFT]]></bank_type>
<cash_fee><![CDATA[1]]></cash_fee>
<fee_type><![CDATA[CNY]]></fee_type>
<is_subscribe><![CDATA[N]]></is_subscribe>
<mch_id><![CDATA[1500086022]]></mch_id>
<nonce_str><![CDATA[12911cf98647730a138e88ce798cb343]]></nonce_str>
<oid><![CDATA[28]]></oid>
<openid><![CDATA[osZaFw2kMFRYzFr1_x_IvfbGOwHQ]]></openid>
<out_trade_no><![CDATA[1903291139286577034]]></out_trade_no>
<result_code><![CDATA[SUCCESS]]></result_code>
<return_code><![CDATA[SUCCESS]]></return_code>
<sign><![CDATA[D7FE273CE4F5F15CE60E466AA87F0C10]]></sign>
<time_end><![CDATA[20190329114020]]></time_end>
<total_fee>1</total_fee>
<trade_type><![CDATA[NATIVE]]></trade_type>
<transaction_id><![CDATA[4200000294201903290190789199]]></transaction_id>
</xml>
<<<<<<<2019-03-29 14:53:15
<xml><appid><![CDATA[wxd5af665b240b75d4]]></appid>
<bank_type><![CDATA[CFT]]></bank_type>
<cash_fee><![CDATA[1]]></cash_fee>
<fee_type><![CDATA[CNY]]></fee_type>
<is_subscribe><![CDATA[N]]></is_subscribe>
<mch_id><![CDATA[1500086022]]></mch_id>
<nonce_str><![CDATA[147892b023fd01693b4a6b2474eba15a]]></nonce_str>
<oid><![CDATA[29]]></oid>
<openid><![CDATA[osZaFw2kMFRYzFr1_x_IvfbGOwHQ]]></openid>
<out_trade_no><![CDATA[1903291148738423169]]></out_trade_no>
<result_code><![CDATA[SUCCESS]]></result_code>
<return_code><![CDATA[SUCCESS]]></return_code>
<sign><![CDATA[F22763947A139B9D83D497A06F6ACB64]]></sign>
<time_end><![CDATA[20190329114904]]></time_end>
<total_fee>1</total_fee>
<trade_type><![CDATA[NATIVE]]></trade_type>
<transaction_id><![CDATA[4200000292201903291224554004]]></transaction_id>
</xml>
<<<<<<<2019-03-29 14:53:39
<xml><appid><![CDATA[wxd5af665b240b75d4]]></appid>
<bank_type><![CDATA[CFT]]></bank_type>
<cash_fee><![CDATA[1]]></cash_fee>
<fee_type><![CDATA[CNY]]></fee_type>
<is_subscribe><![CDATA[N]]></is_subscribe>
<mch_id><![CDATA[1500086022]]></mch_id>
<nonce_str><![CDATA[0d11112fe5a418fe3a701443c82c005c]]></nonce_str>
<oid><![CDATA[31]]></oid>
<openid><![CDATA[osZaFw2kMFRYzFr1_x_IvfbGOwHQ]]></openid>
<out_trade_no><![CDATA[1903291348560787196]]></out_trade_no>
<result_code><![CDATA[SUCCESS]]></result_code>
<return_code><![CDATA[SUCCESS]]></return_code>
<sign><![CDATA[9239165241C6AC248B887C4B25B8BAC3]]></sign>
<time_end><![CDATA[20190329134929]]></time_end>
<total_fee>1</total_fee>
<trade_type><![CDATA[NATIVE]]></trade_type>
<transaction_id><![CDATA[4200000300201903293150515854]]></transaction_id>
</xml>
<<<<<<<2019-03-29 14:54:29
<xml><appid><![CDATA[wxd5af665b240b75d4]]></appid>
<bank_type><![CDATA[CFT]]></bank_type>
<cash_fee><![CDATA[1]]></cash_fee>
<fee_type><![CDATA[CNY]]></fee_type>
<is_subscribe><![CDATA[N]]></is_subscribe>
<mch_id><![CDATA[1500086022]]></mch_id>
<nonce_str><![CDATA[a00b5a22f5cd743d119d29d35c01a59d]]></nonce_str>
<oid><![CDATA[32]]></oid>
<openid><![CDATA[osZaFw2kMFRYzFr1_x_IvfbGOwHQ]]></openid>
<out_trade_no><![CDATA[1903291350287763727]]></out_trade_no>
<result_code><![CDATA[SUCCESS]]></result_code>
<return_code><![CDATA[SUCCESS]]></return_code>
<sign><![CDATA[B9A4AD5731200E02761F49ED88CDB70E]]></sign>
<time_end><![CDATA[20190329135022]]></time_end>
<total_fee>1</total_fee>
<trade_type><![CDATA[NATIVE]]></trade_type>
<transaction_id><![CDATA[4200000304201903295304048469]]></transaction_id>
</xml>
<<<<<<<2019-03-29 14:57:18
<xml><appid><![CDATA[wxd5af665b240b75d4]]></appid>
<bank_type><![CDATA[CFT]]></bank_type>
<cash_fee><![CDATA[1]]></cash_fee>
<fee_type><![CDATA[CNY]]></fee_type>
<is_subscribe><![CDATA[N]]></is_subscribe>
<mch_id><![CDATA[1500086022]]></mch_id>
<nonce_str><![CDATA[b03495d549c2e1ae56109fbe9082e273]]></nonce_str>
<oid><![CDATA[30]]></oid>
<openid><![CDATA[osZaFw2kMFRYzFr1_x_IvfbGOwHQ]]></openid>
<out_trade_no><![CDATA[1903291152648247640]]></out_trade_no>
<result_code><![CDATA[SUCCESS]]></result_code>
<return_code><![CDATA[SUCCESS]]></return_code>
<sign><![CDATA[44EF64500AF49FFE73385A753244EA5B]]></sign>
<time_end><![CDATA[20190329115309]]></time_end>
<total_fee>1</total_fee>
<trade_type><![CDATA[NATIVE]]></trade_type>
<transaction_id><![CDATA[4200000299201903294996926636]]></transaction_id>
</xml>
<<<<<<<2019-03-29 15:23:40
<xml><appid><![CDATA[wxd5af665b240b75d4]]></appid>
<bank_type><![CDATA[CFT]]></bank_type>
<cash_fee><![CDATA[1]]></cash_fee>
<fee_type><![CDATA[CNY]]></fee_type>
<is_subscribe><![CDATA[N]]></is_subscribe>
<mch_id><![CDATA[1500086022]]></mch_id>
<nonce_str><![CDATA[0d11112fe5a418fe3a701443c82c005c]]></nonce_str>
<oid><![CDATA[31]]></oid>
<openid><![CDATA[osZaFw2kMFRYzFr1_x_IvfbGOwHQ]]></openid>
<out_trade_no><![CDATA[1903291348560787196]]></out_trade_no>
<result_code><![CDATA[SUCCESS]]></result_code>
<return_code><![CDATA[SUCCESS]]></return_code>
<sign><![CDATA[9239165241C6AC248B887C4B25B8BAC3]]></sign>
<time_end><![CDATA[20190329134929]]></time_end>
<total_fee>1</total_fee>
<trade_type><![CDATA[NATIVE]]></trade_type>
<transaction_id><![CDATA[4200000300201903293150515854]]></transaction_id>
</xml>
<<<<<<<2019-03-29 15:24:30
<xml><appid><![CDATA[wxd5af665b240b75d4]]></appid>
<bank_type><![CDATA[CFT]]></bank_type>
<cash_fee><![CDATA[1]]></cash_fee>
<fee_type><![CDATA[CNY]]></fee_type>
<is_subscribe><![CDATA[N]]></is_subscribe>
<mch_id><![CDATA[1500086022]]></mch_id>
<nonce_str><![CDATA[a00b5a22f5cd743d119d29d35c01a59d]]></nonce_str>
<oid><![CDATA[32]]></oid>
<openid><![CDATA[osZaFw2kMFRYzFr1_x_IvfbGOwHQ]]></openid>
<out_trade_no><![CDATA[1903291350287763727]]></out_trade_no>
<result_code><![CDATA[SUCCESS]]></result_code>
<return_code><![CDATA[SUCCESS]]></return_code>
<sign><![CDATA[B9A4AD5731200E02761F49ED88CDB70E]]></sign>
<time_end><![CDATA[20190329135022]]></time_end>
<total_fee>1</total_fee>
<trade_type><![CDATA[NATIVE]]></trade_type>
<transaction_id><![CDATA[4200000304201903295304048469]]></transaction_id>
</xml>
<<<<<<<2019-03-29 15:53:42
<xml><appid><![CDATA[wxd5af665b240b75d4]]></appid>
<bank_type><![CDATA[CFT]]></bank_type>
<cash_fee><![CDATA[1]]></cash_fee>
<fee_type><![CDATA[CNY]]></fee_type>
<is_subscribe><![CDATA[N]]></is_subscribe>
<mch_id><![CDATA[1500086022]]></mch_id>
<nonce_str><![CDATA[0d11112fe5a418fe3a701443c82c005c]]></nonce_str>
<oid><![CDATA[31]]></oid>
<openid><![CDATA[osZaFw2kMFRYzFr1_x_IvfbGOwHQ]]></openid>
<out_trade_no><![CDATA[1903291348560787196]]></out_trade_no>
<result_code><![CDATA[SUCCESS]]></result_code>
<return_code><![CDATA[SUCCESS]]></return_code>
<sign><![CDATA[9239165241C6AC248B887C4B25B8BAC3]]></sign>
<time_end><![CDATA[20190329134929]]></time_end>
<total_fee>1</total_fee>
<trade_type><![CDATA[NATIVE]]></trade_type>
<transaction_id><![CDATA[4200000300201903293150515854]]></transaction_id>
</xml>
<<<<<<<2019-03-29 15:54:32
<xml><appid><![CDATA[wxd5af665b240b75d4]]></appid>
<bank_type><![CDATA[CFT]]></bank_type>
<cash_fee><![CDATA[1]]></cash_fee>
<fee_type><![CDATA[CNY]]></fee_type>
<is_subscribe><![CDATA[N]]></is_subscribe>
<mch_id><![CDATA[1500086022]]></mch_id>
<nonce_str><![CDATA[a00b5a22f5cd743d119d29d35c01a59d]]></nonce_str>
<oid><![CDATA[32]]></oid>
<openid><![CDATA[osZaFw2kMFRYzFr1_x_IvfbGOwHQ]]></openid>
<out_trade_no><![CDATA[1903291350287763727]]></out_trade_no>
<result_code><![CDATA[SUCCESS]]></result_code>
<return_code><![CDATA[SUCCESS]]></return_code>
<sign><![CDATA[B9A4AD5731200E02761F49ED88CDB70E]]></sign>
<time_end><![CDATA[20190329135022]]></time_end>
<total_fee>1</total_fee>
<trade_type><![CDATA[NATIVE]]></trade_type>
<transaction_id><![CDATA[4200000304201903295304048469]]></transaction_id>
</xml>
<<<<<<<2019-03-29 16:53:43
<xml><appid><![CDATA[wxd5af665b240b75d4]]></appid>
<bank_type><![CDATA[CFT]]></bank_type>
<cash_fee><![CDATA[1]]></cash_fee>
<fee_type><![CDATA[CNY]]></fee_type>
<is_subscribe><![CDATA[N]]></is_subscribe>
<mch_id><![CDATA[1500086022]]></mch_id>
<nonce_str><![CDATA[0d11112fe5a418fe3a701443c82c005c]]></nonce_str>
<oid><![CDATA[31]]></oid>
<openid><![CDATA[osZaFw2kMFRYzFr1_x_IvfbGOwHQ]]></openid>
<out_trade_no><![CDATA[1903291348560787196]]></out_trade_no>
<result_code><![CDATA[SUCCESS]]></result_code>
<return_code><![CDATA[SUCCESS]]></return_code>
<sign><![CDATA[9239165241C6AC248B887C4B25B8BAC3]]></sign>
<time_end><![CDATA[20190329134929]]></time_end>
<total_fee>1</total_fee>
<trade_type><![CDATA[NATIVE]]></trade_type>
<transaction_id><![CDATA[4200000300201903293150515854]]></transaction_id>
</xml>
<<<<<<<2019-03-29 16:54:33
<xml><appid><![CDATA[wxd5af665b240b75d4]]></appid>
<bank_type><![CDATA[CFT]]></bank_type>
<cash_fee><![CDATA[1]]></cash_fee>
<fee_type><![CDATA[CNY]]></fee_type>
<is_subscribe><![CDATA[N]]></is_subscribe>
<mch_id><![CDATA[1500086022]]></mch_id>
<nonce_str><![CDATA[a00b5a22f5cd743d119d29d35c01a59d]]></nonce_str>
<oid><![CDATA[32]]></oid>
<openid><![CDATA[osZaFw2kMFRYzFr1_x_IvfbGOwHQ]]></openid>
<out_trade_no><![CDATA[1903291350287763727]]></out_trade_no>
<result_code><![CDATA[SUCCESS]]></result_code>
<return_code><![CDATA[SUCCESS]]></return_code>
<sign><![CDATA[B9A4AD5731200E02761F49ED88CDB70E]]></sign>
<time_end><![CDATA[20190329135022]]></time_end>
<total_fee>1</total_fee>
<trade_type><![CDATA[NATIVE]]></trade_type>
<transaction_id><![CDATA[4200000304201903295304048469]]></transaction_id>
</xml>
<<<<<<<