2019-02-27 15:46:54
<xml><ToUserName><![CDATA[gh_dad3107d10b3]]></ToUserName>
<FromUserName><![CDATA[oRqEl1rmcayXz9Z7UzkapLaxv7AM]]></FromUserName>
<CreateTime>1551253613</CreateTime>
<MsgType><![CDATA[event]]></MsgType>
<Event><![CDATA[CLICK]]></Event>
<EventKey><![CDATA[kefu01]]></EventKey>
</xml>
<<<<<<<2019-02-27 15:47:06
<xml><ToUserName><![CDATA[gh_dad3107d10b3]]></ToUserName>
<FromUserName><![CDATA[oRqEl1rmcayXz9Z7UzkapLaxv7AM]]></FromUserName>
<CreateTime>1551253626</CreateTime>
<MsgType><![CDATA[event]]></MsgType>
<Event><![CDATA[subscribe]]></Event>
<EventKey><![CDATA[]]></EventKey>
</xml>
<<<<<<<2019-02-27 15:47:10
<xml><ToUserName><![CDATA[gh_dad3107d10b3]]></ToUserName>
<FromUserName><![CDATA[oRqEl1rmcayXz9Z7UzkapLaxv7AM]]></FromUserName>
<CreateTime>1551253630</CreateTime>
<MsgType><![CDATA[event]]></MsgType>
<Event><![CDATA[CLICK]]></Event>
<EventKey><![CDATA[kefu01]]></EventKey>
</xml>
<<<<<<<2019-02-27 15:47:14
<xml><ToUserName><![CDATA[gh_dad3107d10b3]]></ToUserName>
<FromUserName><![CDATA[oRqEl1rmcayXz9Z7UzkapLaxv7AM]]></FromUserName>
<CreateTime>1551253634</CreateTime>
<MsgType><![CDATA[text]]></MsgType>
<Content><![CDATA[嗯]]></Content>
<MsgId>22208612504116885</MsgId>
</xml>
<<<<<<<2019-02-27 15:47:18
<xml><ToUserName><![CDATA[gh_dad3107d10b3]]></ToUserName>
<FromUserName><![CDATA[oRqEl1rmcayXz9Z7UzkapLaxv7AM]]></FromUserName>
<CreateTime>1551253634</CreateTime>
<MsgType><![CDATA[text]]></MsgType>
<Content><![CDATA[嗯]]></Content>
<MsgId>22208612504116885</MsgId>
</xml>
<<<<<<<2019-02-27 15:47:22
<xml><ToUserName><![CDATA[gh_dad3107d10b3]]></ToUserName>
<FromUserName><![CDATA[oRqEl1rmcayXz9Z7UzkapLaxv7AM]]></FromUserName>
<CreateTime>1551253634</CreateTime>
<MsgType><![CDATA[text]]></MsgType>
<Content><![CDATA[嗯]]></Content>
<MsgId>22208612504116885</MsgId>
</xml>
<<<<<<<2019-02-27 15:47:26
<xml><ToUserName><![CDATA[gh_dad3107d10b3]]></ToUserName>
<FromUserName><![CDATA[oRqEl1rmcayXz9Z7UzkapLaxv7AM]]></FromUserName>
<CreateTime>1551253646</CreateTime>
<MsgType><![CDATA[text]]></MsgType>
<Content><![CDATA[嗯]]></Content>
<MsgId>22208613032904237</MsgId>
</xml>
<<<<<<<2019-02-27 15:47:31
<xml><ToUserName><![CDATA[gh_dad3107d10b3]]></ToUserName>
<FromUserName><![CDATA[oRqEl1rmcayXz9Z7UzkapLaxv7AM]]></FromUserName>
<CreateTime>1551253646</CreateTime>
<MsgType><![CDATA[text]]></MsgType>
<Content><![CDATA[嗯]]></Content>
<MsgId>22208613032904237</MsgId>
</xml>
<<<<<<<2019-02-27 15:47:35
<xml><ToUserName><![CDATA[gh_dad3107d10b3]]></ToUserName>
<FromUserName><![CDATA[oRqEl1rmcayXz9Z7UzkapLaxv7AM]]></FromUserName>
<CreateTime>1551253646</CreateTime>
<MsgType><![CDATA[text]]></MsgType>
<Content><![CDATA[嗯]]></Content>
<MsgId>22208613032904237</MsgId>
</xml>
<<<<<<<2019-02-27 15:49:12
<xml><ToUserName><![CDATA[gh_dad3107d10b3]]></ToUserName>
<FromUserName><![CDATA[oRqEl1rmcayXz9Z7UzkapLaxv7AM]]></FromUserName>
<CreateTime>1551253751</CreateTime>
<MsgType><![CDATA[text]]></MsgType>
<Content><![CDATA[嗯]]></Content>
<MsgId>22208611756404951</MsgId>
</xml>
<<<<<<<2019-02-27 15:49:15
<xml><ToUserName><![CDATA[gh_dad3107d10b3]]></ToUserName>
<FromUserName><![CDATA[oRqEl1rmcayXz9Z7UzkapLaxv7AM]]></FromUserName>
<CreateTime>1551253751</CreateTime>
<MsgType><![CDATA[text]]></MsgType>
<Content><![CDATA[嗯]]></Content>
<MsgId>22208611756404951</MsgId>
</xml>
<<<<<<<2019-02-27 15:49:19
<xml><ToUserName><![CDATA[gh_dad3107d10b3]]></ToUserName>
<FromUserName><![CDATA[oRqEl1rmcayXz9Z7UzkapLaxv7AM]]></FromUserName>
<CreateTime>1551253751</CreateTime>
<MsgType><![CDATA[text]]></MsgType>
<Content><![CDATA[嗯]]></Content>
<MsgId>22208611756404951</MsgId>
</xml>
<<<<<<<2019-02-27 15:53:33
<xml><ToUserName><![CDATA[gh_dad3107d10b3]]></ToUserName>
<FromUserName><![CDATA[oRqEl1rmcayXz9Z7UzkapLaxv7AM]]></FromUserName>
<CreateTime>1551254012</CreateTime>
<MsgType><![CDATA[image]]></MsgType>
<PicUrl><![CDATA[http://mmbiz.qpic.cn/mmbiz_jpg/lakX1oNNEDBHLQX7uMcQgU3oUgnIKTiaFbyUvFegyaWqaftgibpJGCffutibnLmXWgrTV313iaKIY6WPABy796vGEQ/0]]></PicUrl>
<MsgId>22208616476948237</MsgId>
<MediaId><![CDATA[T7ZZAAQVj0hbPMrZdsM-pw56SzWMcxTDJcdVBcfw1WIpDDvONk9NT0x4Ig9QKkOH]]></MediaId>
</xml>
<<<<<<<2019-02-27 15:53:33
<xml><ToUserName><![CDATA[gh_dad3107d10b3]]></ToUserName>
<FromUserName><![CDATA[oRqEl1rmcayXz9Z7UzkapLaxv7AM]]></FromUserName>
<CreateTime>1551254013</CreateTime>
<MsgType><![CDATA[image]]></MsgType>
<PicUrl><![CDATA[http://mmbiz.qpic.cn/mmbiz_jpg/lakX1oNNEDBHLQX7uMcQgU3oUgnIKTiaFbyUvFegyaWqaftgibpJGCffutibnLmXWgrTV313iaKIY6WPABy796vGEQ/0]]></PicUrl>
<MsgId>22208616476948237</MsgId>
<MediaId><![CDATA[WK8jTusmeBzb9SZNlPgrdfqnsOkDbY8sRVeI3KMfOYRNXwHu_qfc-dbkIgDbJmch]]></MediaId>
</xml>
<<<<<<<2019-02-27 15:56:07
<xml><ToUserName><![CDATA[gh_dad3107d10b3]]></ToUserName>
<FromUserName><![CDATA[oRqEl1rmcayXz9Z7UzkapLaxv7AM]]></FromUserName>
<CreateTime>1551254167</CreateTime>
<MsgType><![CDATA[event]]></MsgType>
<Event><![CDATA[CLICK]]></Event>
<EventKey><![CDATA[kefu01]]></EventKey>
</xml>
<<<<<<<2019-02-27 15:58:43
<xml><ToUserName><![CDATA[gh_dad3107d10b3]]></ToUserName>
<FromUserName><![CDATA[oRqEl1rmcayXz9Z7UzkapLaxv7AM]]></FromUserName>
<CreateTime>1551254323</CreateTime>
<MsgType><![CDATA[event]]></MsgType>
<Event><![CDATA[unsubscribe]]></Event>
<EventKey><![CDATA[]]></EventKey>
</xml>
<<<<<<<2019-02-27 15:58:54
<xml><ToUserName><![CDATA[gh_dad3107d10b3]]></ToUserName>
<FromUserName><![CDATA[oRqEl1rmcayXz9Z7UzkapLaxv7AM]]></FromUserName>
<CreateTime>1551254334</CreateTime>
<MsgType><![CDATA[event]]></MsgType>
<Event><![CDATA[subscribe]]></Event>
<EventKey><![CDATA[]]></EventKey>
</xml>
<<<<<<<2019-02-27 15:59:10
<xml><ToUserName><![CDATA[gh_dad3107d10b3]]></ToUserName>
<FromUserName><![CDATA[oRqEl1rmcayXz9Z7UzkapLaxv7AM]]></FromUserName>
<CreateTime>1551254350</CreateTime>
<MsgType><![CDATA[event]]></MsgType>
<Event><![CDATA[CLICK]]></Event>
<EventKey><![CDATA[kefu01]]></EventKey>
</xml>
<<<<<<<2019-02-27 15:59:22
<xml><ToUserName><![CDATA[gh_dad3107d10b3]]></ToUserName>
<FromUserName><![CDATA[oRqEl1rmcayXz9Z7UzkapLaxv7AM]]></FromUserName>
<CreateTime>1551254362</CreateTime>
<MsgType><![CDATA[text]]></MsgType>
<Content><![CDATA[琦]]></Content>
<MsgId>22208622148963652</MsgId>
</xml>
<<<<<<<2019-02-27 15:59:26
<xml><ToUserName><![CDATA[gh_dad3107d10b3]]></ToUserName>
<FromUserName><![CDATA[oRqEl1rmcayXz9Z7UzkapLaxv7AM]]></FromUserName>
<CreateTime>1551254362</CreateTime>
<MsgType><![CDATA[text]]></MsgType>
<Content><![CDATA[琦]]></Content>
<MsgId>22208622148963652</MsgId>
</xml>
<<<<<<<2019-02-27 15:59:30
<xml><ToUserName><![CDATA[gh_dad3107d10b3]]></ToUserName>
<FromUserName><![CDATA[oRqEl1rmcayXz9Z7UzkapLaxv7AM]]></FromUserName>
<CreateTime>1551254362</CreateTime>
<MsgType><![CDATA[text]]></MsgType>
<Content><![CDATA[琦]]></Content>
<MsgId>22208622148963652</MsgId>
</xml>
<<<<<<<2019-02-27 16:00:09
<xml><ToUserName><![CDATA[gh_dad3107d10b3]]></ToUserName>
<FromUserName><![CDATA[oRqEl1rmcayXz9Z7UzkapLaxv7AM]]></FromUserName>
<CreateTime>1551254408</CreateTime>
<MsgType><![CDATA[image]]></MsgType>
<PicUrl><![CDATA[http://mmbiz.qpic.cn/mmbiz_jpg/lakX1oNNEDBHLQX7uMcQgU3oUgnIKTiaFbyUvFegyaWqaftgibpJGCffutibnLmXWgrTV313iaKIY6WPABy796vGEQ/0]]></PicUrl>
<MsgId>22208626203840504</MsgId>
<MediaId><![CDATA[CduefNn4Y7YNC6onuvaT3HGjOBppcV-c9O8OCzkFcl53ebQAOxRhF3HXhD-vwi13]]></MediaId>
</xml>
<<<<<<<2019-02-27 16:00:09
<xml><ToUserName><![CDATA[gh_dad3107d10b3]]></ToUserName>
<FromUserName><![CDATA[oRqEl1rmcayXz9Z7UzkapLaxv7AM]]></FromUserName>
<CreateTime>1551254409</CreateTime>
<MsgType><![CDATA[image]]></MsgType>
<PicUrl><![CDATA[http://mmbiz.qpic.cn/mmbiz_jpg/lakX1oNNEDBHLQX7uMcQgU3oUgnIKTiaFbyUvFegyaWqaftgibpJGCffutibnLmXWgrTV313iaKIY6WPABy796vGEQ/0]]></PicUrl>
<MsgId>22208626203840504</MsgId>
<MediaId><![CDATA[hKR8dSVTnTbnIVHAGE1vxmF92YldCz_-RLLl8BoTfubu8QJsU9uACkc2rU1S_6Y7]]></MediaId>
</xml>
<<<<<<<2019-02-27 16:04:54
<xml><ToUserName><![CDATA[gh_dad3107d10b3]]></ToUserName>
<FromUserName><![CDATA[oRqEl1rmcayXz9Z7UzkapLaxv7AM]]></FromUserName>
<CreateTime>1551254694</CreateTime>
<MsgType><![CDATA[image]]></MsgType>
<PicUrl><![CDATA[http://mmbiz.qpic.cn/mmbiz_jpg/lakX1oNNEDBHLQX7uMcQgU3oUgnIKTiaFbyUvFegyaWqaftgibpJGCffutibnLmXWgrTV313iaKIY6WPABy796vGEQ/0]]></PicUrl>
<MsgId>22208627000192932</MsgId>
<MediaId><![CDATA[pRxzCCg4IVo_2VhIPrzSVETHn02V7ptQGZVtkiTlQoeG4TJXObR2mJ5zFq2uPXRC]]></MediaId>
</xml>
<<<<<<<2019-02-27 16:05:49
<xml><ToUserName><![CDATA[gh_dad3107d10b3]]></ToUserName>
<FromUserName><![CDATA[oRqEl1rmcayXz9Z7UzkapLaxv7AM]]></FromUserName>
<CreateTime>1551254749</CreateTime>
<MsgType><![CDATA[voice]]></MsgType>
<MediaId><![CDATA[CyPjRd8aNA5PSONHjlZjIOy4KBFB4T6t2yJaHeL8cdclBf2uPyQip8aL-W3udHDW]]></MediaId>
<Format><![CDATA[amr]]></Format>
<MsgId>22208628436712116</MsgId>
<Recognition><![CDATA[]]></Recognition>
</xml>
<<<<<<<2019-02-27 16:05:50
<xml><ToUserName><![CDATA[gh_dad3107d10b3]]></ToUserName>
<FromUserName><![CDATA[oRqEl1rmcayXz9Z7UzkapLaxv7AM]]></FromUserName>
<CreateTime>1551254750</CreateTime>
<MsgType><![CDATA[voice]]></MsgType>
<MediaId><![CDATA[3bIh0LfF_Y66F0EMk_Mb7nouLUiEKJtbvjD-vRh8YCBKSDltcHBGRJ2pKbhoiwAz]]></MediaId>
<Format><![CDATA[amr]]></Format>
<MsgId>22208628436712116</MsgId>
<Recognition><![CDATA[]]></Recognition>
</xml>
<<<<<<<2019-02-27 16:07:06
<xml><ToUserName><![CDATA[gh_dad3107d10b3]]></ToUserName>
<FromUserName><![CDATA[oRqEl1rmcayXz9Z7UzkapLaxv7AM]]></FromUserName>
<CreateTime>1551254826</CreateTime>
<MsgType><![CDATA[voice]]></MsgType>
<MediaId><![CDATA[g34zgSbolOzmJF_5_hylCVIUEkrr8ddXOJyq4HztNktyLsrUz24MjKhEUi_wH7KW]]></MediaId>
<Format><![CDATA[amr]]></Format>
<MsgId>22208628978300475</MsgId>
<Recognition><![CDATA[]]></Recognition>
</xml>
<<<<<<<2019-02-27 16:09:17
<xml><ToUserName><![CDATA[gh_dad3107d10b3]]></ToUserName>
<FromUserName><![CDATA[oRqEl1rmcayXz9Z7UzkapLaxv7AM]]></FromUserName>
<CreateTime>1551254957</CreateTime>
<MsgType><![CDATA[video]]></MsgType>
<MediaId><![CDATA[PRkfU1hIbiQcKCdibo0f0WYL9SWkq81rggb_pPYEphOt5yvjjxRhEeE0rMi8xDNq]]></MediaId>
<ThumbMediaId><![CDATA[BttpIpxU4LXwN46eLj9Ef05XxEFmzl_h6WiI9QigCETwd6kXc6KXW209WFn72IN6]]></ThumbMediaId>
<MsgId>22208629285017389</MsgId>
</xml>
<<<<<<<2019-02-27 16:11:25
<xml><ToUserName><![CDATA[gh_dad3107d10b3]]></ToUserName>
<FromUserName><![CDATA[oRqEl1rmcayXz9Z7UzkapLaxv7AM]]></FromUserName>
<CreateTime>1551255085</CreateTime>
<MsgType><![CDATA[event]]></MsgType>
<Event><![CDATA[unsubscribe]]></Event>
<EventKey><![CDATA[]]></EventKey>
</xml>
<<<<<<<2019-02-27 16:11:35
<xml><ToUserName><![CDATA[gh_dad3107d10b3]]></ToUserName>
<FromUserName><![CDATA[oRqEl1rmcayXz9Z7UzkapLaxv7AM]]></FromUserName>
<CreateTime>1551255095</CreateTime>
<MsgType><![CDATA[event]]></MsgType>
<Event><![CDATA[subscribe]]></Event>
<EventKey><![CDATA[]]></EventKey>
</xml>
<<<<<<<2019-02-27 16:11:47
<xml><ToUserName><![CDATA[gh_dad3107d10b3]]></ToUserName>
<FromUserName><![CDATA[oRqEl1rmcayXz9Z7UzkapLaxv7AM]]></FromUserName>
<CreateTime>1551255107</CreateTime>
<MsgType><![CDATA[voice]]></MsgType>
<MediaId><![CDATA[atDTnBKHTdMsREbG_0AgPiKXtCWP4k2gNThU6xpMnD998jemGLq1FFNuHPj6Aeak]]></MediaId>
<Format><![CDATA[amr]]></Format>
<MsgId>22208633133944765</MsgId>
<Recognition><![CDATA[]]></Recognition>
</xml>
<<<<<<<2019-02-27 16:12:04
<xml><ToUserName><![CDATA[gh_dad3107d10b3]]></ToUserName>
<FromUserName><![CDATA[oRqEl1rmcayXz9Z7UzkapLaxv7AM]]></FromUserName>
<CreateTime>1551255124</CreateTime>
<MsgType><![CDATA[video]]></MsgType>
<MediaId><![CDATA[PRkfU1hIbiQcKCdibo0f0Sx7l8Z6tnP7f7fwzumeQun9Qdia2g8gw_6XPGCzdPQS]]></MediaId>
<ThumbMediaId><![CDATA[r88A-JSAbMLrT_3OUqqcvxhGtnfpzkdXItAusO0ZohHKpX4GUfVgU12z4AFPM_QQ]]></ThumbMediaId>
<MsgId>22208634848475686</MsgId>
</xml>
<<<<<<<2019-02-27 16:12:08
<xml><ToUserName><![CDATA[gh_dad3107d10b3]]></ToUserName>
<FromUserName><![CDATA[oRqEl1rmcayXz9Z7UzkapLaxv7AM]]></FromUserName>
<CreateTime>1551255128</CreateTime>
<MsgType><![CDATA[event]]></MsgType>
<Event><![CDATA[CLICK]]></Event>
<EventKey><![CDATA[kefu01]]></EventKey>
</xml>
<<<<<<<2019-02-27 16:12:18
<xml><ToUserName><![CDATA[gh_dad3107d10b3]]></ToUserName>
<FromUserName><![CDATA[oRqEl1rmcayXz9Z7UzkapLaxv7AM]]></FromUserName>
<CreateTime>1551255138</CreateTime>
<MsgType><![CDATA[text]]></MsgType>
<Content><![CDATA[嗯]]></Content>
<MsgId>22208634975629453</MsgId>
</xml>
<<<<<<<2019-02-27 16:12:21
<xml><ToUserName><![CDATA[gh_dad3107d10b3]]></ToUserName>
<FromUserName><![CDATA[oRqEl1rmcayXz9Z7UzkapLaxv7AM]]></FromUserName>
<CreateTime>1551255138</CreateTime>
<MsgType><![CDATA[text]]></MsgType>
<Content><![CDATA[嗯]]></Content>
<MsgId>22208634975629453</MsgId>
</xml>
<<<<<<<2019-02-27 16:12:26
<xml><ToUserName><![CDATA[gh_dad3107d10b3]]></ToUserName>
<FromUserName><![CDATA[oRqEl1rmcayXz9Z7UzkapLaxv7AM]]></FromUserName>
<CreateTime>1551255138</CreateTime>
<MsgType><![CDATA[text]]></MsgType>
<Content><![CDATA[嗯]]></Content>
<MsgId>22208634975629453</MsgId>
</xml>
<<<<<<<2019-02-27 16:26:03
<xml><ToUserName><![CDATA[gh_dad3107d10b3]]></ToUserName>
<FromUserName><![CDATA[oRqEl1rmcayXz9Z7UzkapLaxv7AM]]></FromUserName>
<CreateTime>1551255963</CreateTime>
<MsgType><![CDATA[text]]></MsgType>
<Content><![CDATA[嗯]]></Content>
<MsgId>22208647715030628</MsgId>
</xml>
<<<<<<<2019-02-27 16:26:07
<xml><ToUserName><![CDATA[gh_dad3107d10b3]]></ToUserName>
<FromUserName><![CDATA[oRqEl1rmcayXz9Z7UzkapLaxv7AM]]></FromUserName>
<CreateTime>1551255963</CreateTime>
<MsgType><![CDATA[text]]></MsgType>
<Content><![CDATA[嗯]]></Content>
<MsgId>22208647715030628</MsgId>
</xml>
<<<<<<<2019-02-27 16:26:11
<xml><ToUserName><![CDATA[gh_dad3107d10b3]]></ToUserName>
<FromUserName><![CDATA[oRqEl1rmcayXz9Z7UzkapLaxv7AM]]></FromUserName>
<CreateTime>1551255963</CreateTime>
<MsgType><![CDATA[text]]></MsgType>
<Content><![CDATA[嗯]]></Content>
<MsgId>22208647715030628</MsgId>
</xml>
<<<<<<<2019-02-27 16:32:19
<xml><ToUserName><![CDATA[gh_dad3107d10b3]]></ToUserName>
<FromUserName><![CDATA[oRqEl1rmcayXz9Z7UzkapLaxv7AM]]></FromUserName>
<CreateTime>1551256339</CreateTime>
<MsgType><![CDATA[event]]></MsgType>
<Event><![CDATA[unsubscribe]]></Event>
<EventKey><![CDATA[]]></EventKey>
</xml>
<<<<<<<2019-02-27 16:32:33
<xml><ToUserName><![CDATA[gh_dad3107d10b3]]></ToUserName>
<FromUserName><![CDATA[oRqEl1rmcayXz9Z7UzkapLaxv7AM]]></FromUserName>
<CreateTime>1551256353</CreateTime>
<MsgType><![CDATA[event]]></MsgType>
<Event><![CDATA[subscribe]]></Event>
<EventKey><![CDATA[]]></EventKey>
</xml>
<<<<<<<2019-02-27 16:32:45
<xml><ToUserName><![CDATA[gh_dad3107d10b3]]></ToUserName>
<FromUserName><![CDATA[oRqEl1rmcayXz9Z7UzkapLaxv7AM]]></FromUserName>
<CreateTime>1551256365</CreateTime>
<MsgType><![CDATA[text]]></MsgType>
<Content><![CDATA[让你]]></Content>
<MsgId>22208651569121852</MsgId>
</xml>
<<<<<<<2019-02-27 16:32:48
<xml><ToUserName><![CDATA[gh_dad3107d10b3]]></ToUserName>
<FromUserName><![CDATA[oRqEl1rmcayXz9Z7UzkapLaxv7AM]]></FromUserName>
<CreateTime>1551256365</CreateTime>
<MsgType><![CDATA[text]]></MsgType>
<Content><![CDATA[让你]]></Content>
<MsgId>22208651569121852</MsgId>
</xml>
<<<<<<<2019-02-27 16:32:53
<xml><ToUserName><![CDATA[gh_dad3107d10b3]]></ToUserName>
<FromUserName><![CDATA[oRqEl1rmcayXz9Z7UzkapLaxv7AM]]></FromUserName>
<CreateTime>1551256365</CreateTime>
<MsgType><![CDATA[text]]></MsgType>
<Content><![CDATA[让你]]></Content>
<MsgId>22208651569121852</MsgId>
</xml>
<<<<<<<2019-02-27 16:35:54
<xml><ToUserName><![CDATA[gh_dad3107d10b3]]></ToUserName>
<FromUserName><![CDATA[oRqEl1rmcayXz9Z7UzkapLaxv7AM]]></FromUserName>
<CreateTime>1551256554</CreateTime>
<MsgType><![CDATA[text]]></MsgType>
<Content><![CDATA[饿不]]></Content>
<MsgId>22208656968514801</MsgId>
</xml>
<<<<<<<2019-02-27 16:35:58
<xml><ToUserName><![CDATA[gh_dad3107d10b3]]></ToUserName>
<FromUserName><![CDATA[oRqEl1rmcayXz9Z7UzkapLaxv7AM]]></FromUserName>
<CreateTime>1551256554</CreateTime>
<MsgType><![CDATA[text]]></MsgType>
<Content><![CDATA[饿不]]></Content>
<MsgId>22208656968514801</MsgId>
</xml>
<<<<<<<2019-02-27 16:36:02
<xml><ToUserName><![CDATA[gh_dad3107d10b3]]></ToUserName>
<FromUserName><![CDATA[oRqEl1rmcayXz9Z7UzkapLaxv7AM]]></FromUserName>
<CreateTime>1551256554</CreateTime>
<MsgType><![CDATA[text]]></MsgType>
<Content><![CDATA[饿不]]></Content>
<MsgId>22208656968514801</MsgId>
</xml>
<<<<<<<2019-02-27 16:39:30
<xml><ToUserName><![CDATA[gh_dad3107d10b3]]></ToUserName>
<FromUserName><![CDATA[oRqEl1rmcayXz9Z7UzkapLaxv7AM]]></FromUserName>
<CreateTime>1551256770</CreateTime>
<MsgType><![CDATA[text]]></MsgType>
<Content><![CDATA[发]]></Content>
<MsgId>22208655778763094</MsgId>
</xml>
<<<<<<<2019-02-27 16:39:33
<xml><ToUserName><![CDATA[gh_dad3107d10b3]]></ToUserName>
<FromUserName><![CDATA[oRqEl1rmcayXz9Z7UzkapLaxv7AM]]></FromUserName>
<CreateTime>1551256770</CreateTime>
<MsgType><![CDATA[text]]></MsgType>
<Content><![CDATA[发]]></Content>
<MsgId>22208655778763094</MsgId>
</xml>
<<<<<<<2019-02-27 16:39:38
<xml><ToUserName><![CDATA[gh_dad3107d10b3]]></ToUserName>
<FromUserName><![CDATA[oRqEl1rmcayXz9Z7UzkapLaxv7AM]]></FromUserName>
<CreateTime>1551256770</CreateTime>
<MsgType><![CDATA[text]]></MsgType>
<Content><![CDATA[发]]></Content>
<MsgId>22208655778763094</MsgId>
</xml>
<<<<<<<2019-02-27 16:48:53
<xml><ToUserName><![CDATA[gh_dad3107d10b3]]></ToUserName>
<FromUserName><![CDATA[oRqEl1rmcayXz9Z7UzkapLaxv7AM]]></FromUserName>
<CreateTime>1551257332</CreateTime>
<MsgType><![CDATA[text]]></MsgType>
<Content><![CDATA[滚滚滚]]></Content>
<MsgId>22208664190916879</MsgId>
</xml>
<<<<<<<2019-02-27 16:48:56
<xml><ToUserName><![CDATA[gh_dad3107d10b3]]></ToUserName>
<FromUserName><![CDATA[oRqEl1rmcayXz9Z7UzkapLaxv7AM]]></FromUserName>
<CreateTime>1551257332</CreateTime>
<MsgType><![CDATA[text]]></MsgType>
<Content><![CDATA[滚滚滚]]></Content>
<MsgId>22208664190916879</MsgId>
</xml>
<<<<<<<2019-02-27 16:49:01
<xml><ToUserName><![CDATA[gh_dad3107d10b3]]></ToUserName>
<FromUserName><![CDATA[oRqEl1rmcayXz9Z7UzkapLaxv7AM]]></FromUserName>
<CreateTime>1551257332</CreateTime>
<MsgType><![CDATA[text]]></MsgType>
<Content><![CDATA[滚滚滚]]></Content>
<MsgId>22208664190916879</MsgId>
</xml>
<<<<<<<2019-02-27 16:52:20
<xml><ToUserName><![CDATA[gh_dad3107d10b3]]></ToUserName>
<FromUserName><![CDATA[oRqEl1rmcayXz9Z7UzkapLaxv7AM]]></FromUserName>
<CreateTime>1551257540</CreateTime>
<MsgType><![CDATA[text]]></MsgType>
<Content><![CDATA[滚吧]]></Content>
<MsgId>22208666447934993</MsgId>
</xml>
<<<<<<<2019-02-27 16:54:19
<xml><ToUserName><![CDATA[gh_dad3107d10b3]]></ToUserName>
<FromUserName><![CDATA[oRqEl1rmcayXz9Z7UzkapLaxv7AM]]></FromUserName>
<CreateTime>1551257659</CreateTime>
<MsgType><![CDATA[text]]></MsgType>
<Content><![CDATA[滚吧]]></Content>
<MsgId>22208667122943400</MsgId>
</xml>
<<<<<<<2019-02-27 16:54:22
<xml><ToUserName><![CDATA[gh_dad3107d10b3]]></ToUserName>
<FromUserName><![CDATA[oRqEl1rmcayXz9Z7UzkapLaxv7AM]]></FromUserName>
<CreateTime>1551257659</CreateTime>
<MsgType><![CDATA[text]]></MsgType>
<Content><![CDATA[滚吧]]></Content>
<MsgId>22208667122943400</MsgId>
</xml>
<<<<<<<2019-02-27 16:54:26
<xml><ToUserName><![CDATA[gh_dad3107d10b3]]></ToUserName>
<FromUserName><![CDATA[oRqEl1rmcayXz9Z7UzkapLaxv7AM]]></FromUserName>
<CreateTime>1551257659</CreateTime>
<MsgType><![CDATA[text]]></MsgType>
<Content><![CDATA[滚吧]]></Content>
<MsgId>22208667122943400</MsgId>
</xml>
<<<<<<<2019-02-27 16:55:22
<xml><ToUserName><![CDATA[gh_dad3107d10b3]]></ToUserName>
<FromUserName><![CDATA[oRqEl1rmcayXz9Z7UzkapLaxv7AM]]></FromUserName>
<CreateTime>1551257722</CreateTime>
<MsgType><![CDATA[text]]></MsgType>
<Content><![CDATA[。]]></Content>
<MsgId>22208671551782544</MsgId>
</xml>
<<<<<<<2019-02-27 16:55:35
<xml><ToUserName><![CDATA[gh_dad3107d10b3]]></ToUserName>
<FromUserName><![CDATA[oRqEl1rmcayXz9Z7UzkapLaxv7AM]]></FromUserName>
<CreateTime>1551257735</CreateTime>
<MsgType><![CDATA[text]]></MsgType>
<Content><![CDATA[。]]></Content>
<MsgId>22208670758605957</MsgId>
</xml>
<<<<<<<2019-02-27 16:55:40
<xml><ToUserName><![CDATA[gh_dad3107d10b3]]></ToUserName>
<FromUserName><![CDATA[oRqEl1rmcayXz9Z7UzkapLaxv7AM]]></FromUserName>
<CreateTime>1551257739</CreateTime>
<MsgType><![CDATA[text]]></MsgType>
<Content><![CDATA[滚吧]]></Content>
<MsgId>22208674018136530</MsgId>
</xml>
<<<<<<<2019-02-27 18:30:52
<xml><ToUserName><![CDATA[gh_dad3107d10b3]]></ToUserName>
<FromUserName><![CDATA[oRqEl1rmcayXz9Z7UzkapLaxv7AM]]></FromUserName>
<CreateTime>1551263452</CreateTime>
<MsgType><![CDATA[text]]></MsgType>
<Content><![CDATA[嗯]]></Content>
<MsgId>22208752962766136</MsgId>
</xml>
<<<<<<<2019-02-27 18:43:26
<xml><ToUserName><![CDATA[gh_dad3107d10b3]]></ToUserName>
<FromUserName><![CDATA[oRqEl1rmcayXz9Z7UzkapLaxv7AM]]></FromUserName>
<CreateTime>1551264206</CreateTime>
<MsgType><![CDATA[text]]></MsgType>
<Content><![CDATA[嗯嗯嗯]]></Content>
<MsgId>22208763806082970</MsgId>
</xml>
<<<<<<<2019-03-11 15:04:14
<xml><ToUserName><![CDATA[gh_dad3107d10b3]]></ToUserName>
<FromUserName><![CDATA[oRqEl1rmcayXz9Z7UzkapLaxv7AM]]></FromUserName>
<CreateTime>1552287853</CreateTime>
<MsgType><![CDATA[event]]></MsgType>
<Event><![CDATA[unsubscribe]]></Event>
<EventKey><![CDATA[]]></EventKey>
</xml>
<<<<<<<2019-03-11 15:05:03
<xml><ToUserName><![CDATA[gh_dad3107d10b3]]></ToUserName>
<FromUserName><![CDATA[oRqEl1rmcayXz9Z7UzkapLaxv7AM]]></FromUserName>
<CreateTime>1552287903</CreateTime>
<MsgType><![CDATA[event]]></MsgType>
<Event><![CDATA[subscribe]]></Event>
<EventKey><![CDATA[]]></EventKey>
</xml>
<<<<<<<2019-03-11 15:05:10
<xml><ToUserName><![CDATA[gh_dad3107d10b3]]></ToUserName>
<FromUserName><![CDATA[oRqEl1rmcayXz9Z7UzkapLaxv7AM]]></FromUserName>
<CreateTime>1552287909</CreateTime>
<MsgType><![CDATA[event]]></MsgType>
<Event><![CDATA[CLICK]]></Event>
<EventKey><![CDATA[kefu01]]></EventKey>
</xml>
<<<<<<<2019-03-11 15:12:06
<xml><ToUserName><![CDATA[gh_dad3107d10b3]]></ToUserName>
<FromUserName><![CDATA[oRqEl1rmcayXz9Z7UzkapLaxv7AM]]></FromUserName>
<CreateTime>1552288326</CreateTime>
<MsgType><![CDATA[text]]></MsgType>
<Content><![CDATA[为]]></Content>
<MsgId>22223427533444502</MsgId>
</xml>
<<<<<<<2019-03-11 16:59:18
<xml><ToUserName><![CDATA[gh_dad3107d10b3]]></ToUserName>
<FromUserName><![CDATA[oRqEl1rmcayXz9Z7UzkapLaxv7AM]]></FromUserName>
<CreateTime>1552294758</CreateTime>
<MsgType><![CDATA[text]]></MsgType>
<Content><![CDATA[1]]></Content>
<MsgId>22223517651069158</MsgId>
</xml>
<<<<<<<2019-03-11 19:21:49
<xml><ToUserName><![CDATA[gh_dad3107d10b3]]></ToUserName>
<FromUserName><![CDATA[oRqEl1rmcayXz9Z7UzkapLaxv7AM]]></FromUserName>
<CreateTime>1552303309</CreateTime>
<MsgType><![CDATA[event]]></MsgType>
<Event><![CDATA[unsubscribe]]></Event>
<EventKey><![CDATA[]]></EventKey>
</xml>
<<<<<<<2019-03-11 19:22:03
<xml><ToUserName><![CDATA[gh_dad3107d10b3]]></ToUserName>
<FromUserName><![CDATA[oRqEl1rmcayXz9Z7UzkapLaxv7AM]]></FromUserName>
<CreateTime>1552303323</CreateTime>
<MsgType><![CDATA[event]]></MsgType>
<Event><![CDATA[subscribe]]></Event>
<EventKey><![CDATA[]]></EventKey>
</xml>
<<<<<<<2019-03-11 19:45:09
<xml><ToUserName><![CDATA[gh_dad3107d10b3]]></ToUserName>
<FromUserName><![CDATA[oRqEl1rmcayXz9Z7UzkapLaxv7AM]]></FromUserName>
<CreateTime>1552304709</CreateTime>
<MsgType><![CDATA[event]]></MsgType>
<Event><![CDATA[unsubscribe]]></Event>
<EventKey><![CDATA[]]></EventKey>
</xml>
<<<<<<<2019-03-11 19:45:40
<xml><ToUserName><![CDATA[gh_dad3107d10b3]]></ToUserName>
<FromUserName><![CDATA[oRqEl1rmcayXz9Z7UzkapLaxv7AM]]></FromUserName>
<CreateTime>1552304739</CreateTime>
<MsgType><![CDATA[event]]></MsgType>
<Event><![CDATA[subscribe]]></Event>
<EventKey><![CDATA[]]></EventKey>
</xml>
<<<<<<<2019-03-11 19:55:54
<xml><ToUserName><![CDATA[gh_dad3107d10b3]]></ToUserName>
<FromUserName><![CDATA[oRqEl1rmcayXz9Z7UzkapLaxv7AM]]></FromUserName>
<CreateTime>1552305354</CreateTime>
<MsgType><![CDATA[event]]></MsgType>
<Event><![CDATA[unsubscribe]]></Event>
<EventKey><![CDATA[]]></EventKey>
</xml>
<<<<<<<2019-03-11 19:56:17
<xml><ToUserName><![CDATA[gh_dad3107d10b3]]></ToUserName>
<FromUserName><![CDATA[oRqEl1rmcayXz9Z7UzkapLaxv7AM]]></FromUserName>
<CreateTime>1552305377</CreateTime>
<MsgType><![CDATA[event]]></MsgType>
<Event><![CDATA[subscribe]]></Event>
<EventKey><![CDATA[]]></EventKey>
</xml>
<<<<<<<2019-03-11 19:56:21
<xml><ToUserName><![CDATA[gh_dad3107d10b3]]></ToUserName>
<FromUserName><![CDATA[oRqEl1rmcayXz9Z7UzkapLaxv7AM]]></FromUserName>
<CreateTime>1552305377</CreateTime>
<MsgType><![CDATA[event]]></MsgType>
<Event><![CDATA[subscribe]]></Event>
<EventKey><![CDATA[]]></EventKey>
</xml>
<<<<<<<2019-03-11 19:56:25
<xml><ToUserName><![CDATA[gh_dad3107d10b3]]></ToUserName>
<FromUserName><![CDATA[oRqEl1rmcayXz9Z7UzkapLaxv7AM]]></FromUserName>
<CreateTime>1552305377</CreateTime>
<MsgType><![CDATA[event]]></MsgType>
<Event><![CDATA[subscribe]]></Event>
<EventKey><![CDATA[]]></EventKey>
</xml>
<<<<<<<2019-03-11 19:57:49
<xml><ToUserName><![CDATA[gh_dad3107d10b3]]></ToUserName>
<FromUserName><![CDATA[oRqEl1rmcayXz9Z7UzkapLaxv7AM]]></FromUserName>
<CreateTime>1552305469</CreateTime>
<MsgType><![CDATA[event]]></MsgType>
<Event><![CDATA[unsubscribe]]></Event>
<EventKey><![CDATA[]]></EventKey>
</xml>
<<<<<<<2019-03-11 19:58:40
<xml><ToUserName><![CDATA[gh_dad3107d10b3]]></ToUserName>
<FromUserName><![CDATA[oRqEl1rmcayXz9Z7UzkapLaxv7AM]]></FromUserName>
<CreateTime>1552305520</CreateTime>
<MsgType><![CDATA[event]]></MsgType>
<Event><![CDATA[subscribe]]></Event>
<EventKey><![CDATA[]]></EventKey>
</xml>
<<<<<<<2019-03-11 19:58:44
<xml><ToUserName><![CDATA[gh_dad3107d10b3]]></ToUserName>
<FromUserName><![CDATA[oRqEl1rmcayXz9Z7UzkapLaxv7AM]]></FromUserName>
<CreateTime>1552305520</CreateTime>
<MsgType><![CDATA[event]]></MsgType>
<Event><![CDATA[subscribe]]></Event>
<EventKey><![CDATA[]]></EventKey>
</xml>
<<<<<<<2019-03-11 19:58:48
<xml><ToUserName><![CDATA[gh_dad3107d10b3]]></ToUserName>
<FromUserName><![CDATA[oRqEl1rmcayXz9Z7UzkapLaxv7AM]]></FromUserName>
<CreateTime>1552305520</CreateTime>
<MsgType><![CDATA[event]]></MsgType>
<Event><![CDATA[subscribe]]></Event>
<EventKey><![CDATA[]]></EventKey>
</xml>
<<<<<<<2019-03-11 20:05:23
<xml><ToUserName><![CDATA[gh_dad3107d10b3]]></ToUserName>
<FromUserName><![CDATA[oRqEl1rmcayXz9Z7UzkapLaxv7AM]]></FromUserName>
<CreateTime>1552305923</CreateTime>
<MsgType><![CDATA[event]]></MsgType>
<Event><![CDATA[unsubscribe]]></Event>
<EventKey><![CDATA[]]></EventKey>
</xml>
<<<<<<<2019-03-11 20:06:21
<xml><ToUserName><![CDATA[gh_dad3107d10b3]]></ToUserName>
<FromUserName><![CDATA[oRqEl1rmcayXz9Z7UzkapLaxv7AM]]></FromUserName>
<CreateTime>1552305981</CreateTime>
<MsgType><![CDATA[event]]></MsgType>
<Event><![CDATA[subscribe]]></Event>
<EventKey><![CDATA[]]></EventKey>
</xml>
<<<<<<<2019-03-11 20:06:25
<xml><ToUserName><![CDATA[gh_dad3107d10b3]]></ToUserName>
<FromUserName><![CDATA[oRqEl1rmcayXz9Z7UzkapLaxv7AM]]></FromUserName>
<CreateTime>1552305981</CreateTime>
<MsgType><![CDATA[event]]></MsgType>
<Event><![CDATA[subscribe]]></Event>
<EventKey><![CDATA[]]></EventKey>
</xml>
<<<<<<<2019-03-11 20:06:29
<xml><ToUserName><![CDATA[gh_dad3107d10b3]]></ToUserName>
<FromUserName><![CDATA[oRqEl1rmcayXz9Z7UzkapLaxv7AM]]></FromUserName>
<CreateTime>1552305981</CreateTime>
<MsgType><![CDATA[event]]></MsgType>
<Event><![CDATA[subscribe]]></Event>
<EventKey><![CDATA[]]></EventKey>
</xml>
<<<<<<<2019-03-11 20:36:59
<xml><ToUserName><![CDATA[gh_dad3107d10b3]]></ToUserName>
<FromUserName><![CDATA[oRqEl1rmcayXz9Z7UzkapLaxv7AM]]></FromUserName>
<CreateTime>1552307819</CreateTime>
<MsgType><![CDATA[event]]></MsgType>
<Event><![CDATA[unsubscribe]]></Event>
<EventKey><![CDATA[]]></EventKey>
</xml>
<<<<<<<2019-03-11 20:37:18
<xml><ToUserName><![CDATA[gh_dad3107d10b3]]></ToUserName>
<FromUserName><![CDATA[oRqEl1rmcayXz9Z7UzkapLaxv7AM]]></FromUserName>
<CreateTime>1552307838</CreateTime>
<MsgType><![CDATA[event]]></MsgType>
<Event><![CDATA[subscribe]]></Event>
<EventKey><![CDATA[]]></EventKey>
</xml>
<<<<<<<2019-03-11 20:37:21
<xml><ToUserName><![CDATA[gh_dad3107d10b3]]></ToUserName>
<FromUserName><![CDATA[oRqEl1rmcayXz9Z7UzkapLaxv7AM]]></FromUserName>
<CreateTime>1552307838</CreateTime>
<MsgType><![CDATA[event]]></MsgType>
<Event><![CDATA[subscribe]]></Event>
<EventKey><![CDATA[]]></EventKey>
</xml>
<<<<<<<2019-03-11 20:37:26
<xml><ToUserName><![CDATA[gh_dad3107d10b3]]></ToUserName>
<FromUserName><![CDATA[oRqEl1rmcayXz9Z7UzkapLaxv7AM]]></FromUserName>
<CreateTime>1552307838</CreateTime>
<MsgType><![CDATA[event]]></MsgType>
<Event><![CDATA[subscribe]]></Event>
<EventKey><![CDATA[]]></EventKey>
</xml>
<<<<<<<2019-03-11 20:41:25
<xml><ToUserName><![CDATA[gh_dad3107d10b3]]></ToUserName>
<FromUserName><![CDATA[oRqEl1rmcayXz9Z7UzkapLaxv7AM]]></FromUserName>
<CreateTime>1552308085</CreateTime>
<MsgType><![CDATA[event]]></MsgType>
<Event><![CDATA[unsubscribe]]></Event>
<EventKey><![CDATA[]]></EventKey>
</xml>
<<<<<<<2019-03-11 20:41:32
<xml><ToUserName><![CDATA[gh_dad3107d10b3]]></ToUserName>
<FromUserName><![CDATA[oRqEl1rmcayXz9Z7UzkapLaxv7AM]]></FromUserName>
<CreateTime>1552308092</CreateTime>
<MsgType><![CDATA[event]]></MsgType>
<Event><![CDATA[subscribe]]></Event>
<EventKey><![CDATA[]]></EventKey>
</xml>
<<<<<<<2019-03-12 08:46:21
<xml><ToUserName><![CDATA[gh_dad3107d10b3]]></ToUserName>
<FromUserName><![CDATA[oRqEl1rmcayXz9Z7UzkapLaxv7AM]]></FromUserName>
<CreateTime>1552351580</CreateTime>
<MsgType><![CDATA[event]]></MsgType>
<Event><![CDATA[unsubscribe]]></Event>
<EventKey><![CDATA[]]></EventKey>
</xml>
<<<<<<<2019-03-12 08:46:34
<xml><ToUserName><![CDATA[gh_dad3107d10b3]]></ToUserName>
<FromUserName><![CDATA[oRqEl1rmcayXz9Z7UzkapLaxv7AM]]></FromUserName>
<CreateTime>1552351594</CreateTime>
<MsgType><![CDATA[event]]></MsgType>
<Event><![CDATA[subscribe]]></Event>
<EventKey><![CDATA[]]></EventKey>
</xml>
<<<<<<<2019-03-12 08:46:53
<xml><ToUserName><![CDATA[gh_dad3107d10b3]]></ToUserName>
<FromUserName><![CDATA[oRqEl1rmcayXz9Z7UzkapLaxv7AM]]></FromUserName>
<CreateTime>1552351613</CreateTime>
<MsgType><![CDATA[event]]></MsgType>
<Event><![CDATA[CLICK]]></Event>
<EventKey><![CDATA[kefu01]]></EventKey>
</xml>
<<<<<<<2019-03-12 08:47:00
<xml><ToUserName><![CDATA[gh_dad3107d10b3]]></ToUserName>
<FromUserName><![CDATA[oRqEl1rmcayXz9Z7UzkapLaxv7AM]]></FromUserName>
<CreateTime>1552351620</CreateTime>
<MsgType><![CDATA[event]]></MsgType>
<Event><![CDATA[unsubscribe]]></Event>
<EventKey><![CDATA[]]></EventKey>
</xml>
<<<<<<<2019-03-12 08:47:35
<xml><ToUserName><![CDATA[gh_dad3107d10b3]]></ToUserName>
<FromUserName><![CDATA[oRqEl1rmcayXz9Z7UzkapLaxv7AM]]></FromUserName>
<CreateTime>1552351655</CreateTime>
<MsgType><![CDATA[event]]></MsgType>
<Event><![CDATA[subscribe]]></Event>
<EventKey><![CDATA[]]></EventKey>
</xml>
<<<<<<<2019-03-12 08:53:33
<xml><ToUserName><![CDATA[gh_dad3107d10b3]]></ToUserName>
<FromUserName><![CDATA[oRqEl1rmcayXz9Z7UzkapLaxv7AM]]></FromUserName>
<CreateTime>1552352013</CreateTime>
<MsgType><![CDATA[event]]></MsgType>
<Event><![CDATA[unsubscribe]]></Event>
<EventKey><![CDATA[]]></EventKey>
</xml>
<<<<<<<2019-03-12 08:53:48
<xml><ToUserName><![CDATA[gh_dad3107d10b3]]></ToUserName>
<FromUserName><![CDATA[oRqEl1rmcayXz9Z7UzkapLaxv7AM]]></FromUserName>
<CreateTime>1552352028</CreateTime>
<MsgType><![CDATA[event]]></MsgType>
<Event><![CDATA[subscribe]]></Event>
<EventKey><![CDATA[]]></EventKey>
</xml>
<<<<<<<2019-03-12 14:47:44
<xml><ToUserName><![CDATA[gh_dad3107d10b3]]></ToUserName>
<FromUserName><![CDATA[oRqEl1rmcayXz9Z7UzkapLaxv7AM]]></FromUserName>
<CreateTime>1552373264</CreateTime>
<MsgType><![CDATA[event]]></MsgType>
<Event><![CDATA[CLICK]]></Event>
<EventKey><![CDATA[kefu01]]></EventKey>
</xml>
<<<<<<<2019-03-13 15:34:30
<xml><ToUserName><![CDATA[gh_dad3107d10b3]]></ToUserName>
<FromUserName><![CDATA[oRqEl1rIeBHm4bVUJ1KSSrXOeHjA]]></FromUserName>
<CreateTime>1552462469</CreateTime>
<MsgType><![CDATA[event]]></MsgType>
<Event><![CDATA[subscribe]]></Event>
<EventKey><![CDATA[]]></EventKey>
</xml>
<<<<<<<2019-03-13 15:34:58
<xml><ToUserName><![CDATA[gh_dad3107d10b3]]></ToUserName>
<FromUserName><![CDATA[oRqEl1rIeBHm4bVUJ1KSSrXOeHjA]]></FromUserName>
<CreateTime>1552462498</CreateTime>
<MsgType><![CDATA[event]]></MsgType>
<Event><![CDATA[CLICK]]></Event>
<EventKey><![CDATA[kefu01]]></EventKey>
</xml>
<<<<<<<2019-03-13 15:35:12
<xml><ToUserName><![CDATA[gh_dad3107d10b3]]></ToUserName>
<FromUserName><![CDATA[oRqEl1rIeBHm4bVUJ1KSSrXOeHjA]]></FromUserName>
<CreateTime>1552462512</CreateTime>
<MsgType><![CDATA[event]]></MsgType>
<Event><![CDATA[pic_weixin]]></Event>
<EventKey><![CDATA[rselfmenu_1_2]]></EventKey>
<SendPicsInfo><Count>1</Count>
<PicList><item><PicMd5Sum><![CDATA[39de684dcf8107dc4ef73a38c360105d]]></PicMd5Sum>
</item>
</PicList>
</SendPicsInfo>
</xml>
<<<<<<<2019-03-13 15:35:14
<xml><ToUserName><![CDATA[gh_dad3107d10b3]]></ToUserName>
<FromUserName><![CDATA[oRqEl1rIeBHm4bVUJ1KSSrXOeHjA]]></FromUserName>
<CreateTime>1552462513</CreateTime>
<MsgType><![CDATA[image]]></MsgType>
<PicUrl><![CDATA[http://mmbiz.qpic.cn/mmbiz_jpg/0zVHF99uf8N2zXwZFwJ5f8ia1ibj5u2ibrrQU86FQPRkvqErwMJjgxAYEHYu5l8gShtNf3kmQ4qy0YWqSYeNniaAibw/0]]></PicUrl>
<MsgId>22225921063129189</MsgId>
<MediaId><![CDATA[B8IlOAceQ4e7nmPyD06DP1Pocp84QqntS6mVFbKvZIffclPGAQjdaTEMKrV3k-7k]]></MediaId>
</xml>
<<<<<<<2019-03-13 15:35:20
<xml><ToUserName><![CDATA[gh_dad3107d10b3]]></ToUserName>
<FromUserName><![CDATA[oRqEl1rIeBHm4bVUJ1KSSrXOeHjA]]></FromUserName>
<CreateTime>1552462520</CreateTime>
<MsgType><![CDATA[text]]></MsgType>
<Content><![CDATA[1]]></Content>
<MsgId>22225920701583627</MsgId>
</xml>
<<<<<<<2019-03-13 15:35:21
<xml><ToUserName><![CDATA[gh_dad3107d10b3]]></ToUserName>
<FromUserName><![CDATA[oRqEl1rIeBHm4bVUJ1KSSrXOeHjA]]></FromUserName>
<CreateTime>1552462521</CreateTime>
<MsgType><![CDATA[text]]></MsgType>
<Content><![CDATA[2]]></Content>
<MsgId>22225921802689304</MsgId>
</xml>
<<<<<<<2019-03-13 15:35:22
<xml><ToUserName><![CDATA[gh_dad3107d10b3]]></ToUserName>
<FromUserName><![CDATA[oRqEl1rIeBHm4bVUJ1KSSrXOeHjA]]></FromUserName>
<CreateTime>1552462522</CreateTime>
<MsgType><![CDATA[text]]></MsgType>
<Content><![CDATA[3]]></Content>
<MsgId>22225922525724478</MsgId>
</xml>
<<<<<<<2019-03-13 15:48:38
<xml><ToUserName><![CDATA[gh_dad3107d10b3]]></ToUserName>
<FromUserName><![CDATA[oRqEl1jyav81PHzi70dEUpeAEPdA]]></FromUserName>
<CreateTime>1552463317</CreateTime>
<MsgType><![CDATA[event]]></MsgType>
<Event><![CDATA[subscribe]]></Event>
<EventKey><![CDATA[]]></EventKey>
</xml>
<<<<<<<2019-03-13 15:48:52
<xml><ToUserName><![CDATA[gh_dad3107d10b3]]></ToUserName>
<FromUserName><![CDATA[oRqEl1jyav81PHzi70dEUpeAEPdA]]></FromUserName>
<CreateTime>1552463332</CreateTime>
<MsgType><![CDATA[event]]></MsgType>
<Event><![CDATA[pic_photo_or_album]]></Event>
<EventKey><![CDATA[rselfmenu_1_1]]></EventKey>
<SendPicsInfo><Count>1</Count>
<PicList><item><PicMd5Sum><![CDATA[b120d4a15542a638be9f63d5aab1e045]]></PicMd5Sum>
</item>
</PicList>
</SendPicsInfo>
</xml>
<<<<<<<2019-03-13 15:48:54
<xml><ToUserName><![CDATA[gh_dad3107d10b3]]></ToUserName>
<FromUserName><![CDATA[oRqEl1jyav81PHzi70dEUpeAEPdA]]></FromUserName>
<CreateTime>1552463333</CreateTime>
<MsgType><![CDATA[image]]></MsgType>
<PicUrl><![CDATA[http://mmbiz.qpic.cn/mmbiz_jpg/eBe2EE4SUAhSDapicbSsZo1AKj9QCnQVo3T4y896friapwsFZbBoibz613M4w0kw5TqCicKj5xLbHTb1Z0RexqZ9XA/0]]></PicUrl>
<MsgId>22225929719971022</MsgId>
<MediaId><![CDATA[FzBydIp0-CPzWNeBgxmmJhvi-Xw54sufDOzFLiSdT_KvpiChlR6QJkVHRFAlfJFp]]></MediaId>
</xml>
<<<<<<<2019-03-13 15:48:54
<xml><ToUserName><![CDATA[gh_dad3107d10b3]]></ToUserName>
<FromUserName><![CDATA[oRqEl1jyav81PHzi70dEUpeAEPdA]]></FromUserName>
<CreateTime>1552463333</CreateTime>
<MsgType><![CDATA[image]]></MsgType>
<PicUrl><![CDATA[http://mmbiz.qpic.cn/mmbiz_jpg/eBe2EE4SUAhSDapicbSsZo1AKj9QCnQVo3T4y896friapwsFZbBoibz613M4w0kw5TqCicKj5xLbHTb1Z0RexqZ9XA/0]]></PicUrl>
<MsgId>22225929719971022</MsgId>
<MediaId><![CDATA[KnxQl3kohZo4I21vK3dmT5pMQTxxNZW8mlmBJMC9qIkuTujfDsHeiqfwQCKXFrRm]]></MediaId>
</xml>
<<<<<<<2019-03-19 16:47:42
<xml><ToUserName><![CDATA[gh_dad3107d10b3]]></ToUserName>
<FromUserName><![CDATA[oRqEl1pTMbYaRxOAu_0rPRLU4J4Q]]></FromUserName>
<CreateTime>1552985252</CreateTime>
<MsgType><![CDATA[event]]></MsgType>
<Event><![CDATA[MASSSENDJOBFINISH]]></Event>
<MsgID>3147483649</MsgID>
<Status><![CDATA[send success]]></Status>
<TotalCount>2</TotalCount>
<FilterCount>2</FilterCount>
<SentCount>2</SentCount>
<ErrorCount>0</ErrorCount>
<CopyrightCheckResult><Count>0</Count>
<ResultList></ResultList>
<CheckState>0</CheckState>
</CopyrightCheckResult>
</xml>
<<<<<<<2019-03-19 16:48:42
<xml><ToUserName><![CDATA[gh_dad3107d10b3]]></ToUserName>
<FromUserName><![CDATA[oRqEl1pTMbYaRxOAu_0rPRLU4J4Q]]></FromUserName>
<CreateTime>1552985322</CreateTime>
<MsgType><![CDATA[event]]></MsgType>
<Event><![CDATA[MASSSENDJOBFINISH]]></Event>
<MsgID>3147483650</MsgID>
<Status><![CDATA[send success]]></Status>
<TotalCount>2</TotalCount>
<FilterCount>2</FilterCount>
<SentCount>2</SentCount>
<ErrorCount>0</ErrorCount>
<CopyrightCheckResult><Count>0</Count>
<ResultList></ResultList>
<CheckState>0</CheckState>
</CopyrightCheckResult>
</xml>
<<<<<<<2019-03-19 19:18:50
<xml><ToUserName><![CDATA[gh_dad3107d10b3]]></ToUserName>
<FromUserName><![CDATA[oRqEl1pTMbYaRxOAu_0rPRLU4J4Q]]></FromUserName>
<CreateTime>1552994330</CreateTime>
<MsgType><![CDATA[event]]></MsgType>
<Event><![CDATA[MASSSENDJOBFINISH]]></Event>
<MsgID>1000000003</MsgID>
<Status><![CDATA[send success]]></Status>
<TotalCount>4</TotalCount>
<FilterCount>4</FilterCount>
<SentCount>4</SentCount>
<ErrorCount>0</ErrorCount>
<CopyrightCheckResult><Count>0</Count>
<ResultList></ResultList>
<CheckState>0</CheckState>
</CopyrightCheckResult>
</xml>
<<<<<<<2019-03-19 19:29:59
<xml><ToUserName><![CDATA[gh_dad3107d10b3]]></ToUserName>
<FromUserName><![CDATA[oRqEl1pTMbYaRxOAu_0rPRLU4J4Q]]></FromUserName>
<CreateTime>1552994999</CreateTime>
<MsgType><![CDATA[event]]></MsgType>
<Event><![CDATA[MASSSENDJOBFINISH]]></Event>
<MsgID>3147483652</MsgID>
<Status><![CDATA[send success]]></Status>
<TotalCount>2</TotalCount>
<FilterCount>2</FilterCount>
<SentCount>2</SentCount>
<ErrorCount>0</ErrorCount>
<CopyrightCheckResult><Count>0</Count>
<ResultList></ResultList>
<CheckState>0</CheckState>
</CopyrightCheckResult>
</xml>
<<<<<<<2019-03-19 19:45:01
<xml><ToUserName><![CDATA[gh_dad3107d10b3]]></ToUserName>
<FromUserName><![CDATA[oRqEl1jyav81PHzi70dEUpeAEPdA]]></FromUserName>
<CreateTime>1552995891</CreateTime>
<MsgType><![CDATA[text]]></MsgType>
<Content><![CDATA[恶心]]></Content>
<MsgId>22233553650627542</MsgId>
</xml>
<<<<<<<2019-03-20 13:44:25
<xml><ToUserName><![CDATA[gh_dad3107d10b3]]></ToUserName>
<FromUserName><![CDATA[oRqEl1pTMbYaRxOAu_0rPRLU4J4Q]]></FromUserName>
<CreateTime>1553060665</CreateTime>
<MsgType><![CDATA[event]]></MsgType>
<Event><![CDATA[MASSSENDJOBFINISH]]></Event>
<MsgID>3147483653</MsgID>
<Status><![CDATA[send success]]></Status>
<TotalCount>2</TotalCount>
<FilterCount>2</FilterCount>
<SentCount>2</SentCount>
<ErrorCount>0</ErrorCount>
<CopyrightCheckResult><Count>0</Count>
<ResultList></ResultList>
<CheckState>0</CheckState>
</CopyrightCheckResult>
</xml>
<<<<<<<2019-03-20 14:07:05
<xml><ToUserName><![CDATA[gh_dad3107d10b3]]></ToUserName>
<FromUserName><![CDATA[oRqEl1r-U80Z_RsIYKQd9SPNbA2g]]></FromUserName>
<CreateTime>1553062015</CreateTime>
<MsgType><![CDATA[event]]></MsgType>
<Event><![CDATA[subscribe]]></Event>
<EventKey><![CDATA[]]></EventKey>
</xml>
<<<<<<<2019-03-20 14:07:08
<xml><ToUserName><![CDATA[gh_dad3107d10b3]]></ToUserName>
<FromUserName><![CDATA[oRqEl1r-U80Z_RsIYKQd9SPNbA2g]]></FromUserName>
<CreateTime>1553062027</CreateTime>
<MsgType><![CDATA[event]]></MsgType>
<Event><![CDATA[CLICK]]></Event>
<EventKey><![CDATA[kefu01]]></EventKey>
</xml>
<<<<<<<2019-03-20 14:07:21
<xml><ToUserName><![CDATA[gh_dad3107d10b3]]></ToUserName>
<FromUserName><![CDATA[oRqEl1r-U80Z_RsIYKQd9SPNbA2g]]></FromUserName>
<CreateTime>1553062041</CreateTime>
<MsgType><![CDATA[event]]></MsgType>
<Event><![CDATA[pic_photo_or_album]]></Event>
<EventKey><![CDATA[rselfmenu_1_1]]></EventKey>
<SendPicsInfo><Count>1</Count>
<PicList><item><PicMd5Sum><![CDATA[6e37761ce6e69a3feeb77ccf6c88ce42]]></PicMd5Sum>
</item>
</PicList>
</SendPicsInfo>
</xml>
<<<<<<<2019-03-20 14:07:22
<xml><ToUserName><![CDATA[gh_dad3107d10b3]]></ToUserName>
<FromUserName><![CDATA[oRqEl1r-U80Z_RsIYKQd9SPNbA2g]]></FromUserName>
<CreateTime>1553062042</CreateTime>
<MsgType><![CDATA[image]]></MsgType>
<PicUrl><![CDATA[http://mmbiz.qpic.cn/mmbiz_jpg/EfyEaxs1IrFQ2griaqsZGicLciaKSSZNZOOiapkFEeY6ibAI1jjYibE0pODEKVnAicexDpvUMialmkyMcRic2ggZLZHLt2A/0]]></PicUrl>
<MsgId>22234503059412806</MsgId>
<MediaId><![CDATA[Qbp6ngQqJ-S28MmzPrBMwFAO9SWzi3vKc6Sr9gY7_d26j127EtivxyTg_m4Qg0Sv]]></MediaId>
</xml>
<<<<<<<2019-03-20 14:09:09
<xml><ToUserName><![CDATA[gh_dad3107d10b3]]></ToUserName>
<FromUserName><![CDATA[oRqEl1pTMbYaRxOAu_0rPRLU4J4Q]]></FromUserName>
<CreateTime>1553062149</CreateTime>
<MsgType><![CDATA[event]]></MsgType>
<Event><![CDATA[MASSSENDJOBFINISH]]></Event>
<MsgID>3147483654</MsgID>
<Status><![CDATA[send success]]></Status>
<TotalCount>2</TotalCount>
<FilterCount>2</FilterCount>
<SentCount>2</SentCount>
<ErrorCount>0</ErrorCount>
<CopyrightCheckResult><Count>0</Count>
<ResultList></ResultList>
<CheckState>0</CheckState>
</CopyrightCheckResult>
</xml>
<<<<<<<2019-03-20 14:09:37
<xml><ToUserName><![CDATA[gh_dad3107d10b3]]></ToUserName>
<FromUserName><![CDATA[oRqEl1rmcayXz9Z7UzkapLaxv7AM]]></FromUserName>
<CreateTime>1553062177</CreateTime>
<MsgType><![CDATA[event]]></MsgType>
<Event><![CDATA[CLICK]]></Event>
<EventKey><![CDATA[kefu01]]></EventKey>
</xml>
<<<<<<<2019-03-20 14:12:20
<xml><ToUserName><![CDATA[gh_dad3107d10b3]]></ToUserName>
<FromUserName><![CDATA[oRqEl1rmcayXz9Z7UzkapLaxv7AM]]></FromUserName>
<CreateTime>1553062340</CreateTime>
<MsgType><![CDATA[event]]></MsgType>
<Event><![CDATA[CLICK]]></Event>
<EventKey><![CDATA[kefu01]]></EventKey>
</xml>
<<<<<<<